2023-02-14 13:46:19.133 [info] Reading sessions from keychain...
2023-02-14 13:46:19.133 [info] Getting sessions for all scopes...
2023-02-14 13:46:19.133 [info] Got 0 sessions for ...
2023-02-14 13:46:19.133 [info] Getting sessions for user:email...
2023-02-14 13:46:19.133 [info] Got 0 sessions for user:email...
2023-02-14 13:46:19.242 [info] Getting sessions for all scopes...
2023-02-14 13:46:19.242 [info] Got 0 sessions for ...
2023-02-14 13:46:35.629 [info] Getting sessions for user:email...
2023-02-14 13:46:35.629 [info] Got 0 sessions for user:email...
2023-02-14 13:46:36.883 [info] Logging in for the following scopes: user:email
2023-02-14 13:46:36.884 [info] Trying without local server... (user:email)
2023-02-14 13:47:31.896 [info] Exchanging code for token...
2023-02-14 13:47:32.612 [info] Token exchange success!
2023-02-14 13:47:32.615 [info] Getting user info...
2023-02-14 13:47:33.098 [info] Got account info!
2023-02-14 13:47:33.100 [info] Storing 1 sessions...
2023-02-14 13:47:33.126 [error] Setting token failed: Error: GDBus.Error:org.freedesktop.DBus.Error.ServiceUnknown: The name org.freedesktop.secrets was not provided by any .service files
2023-02-14 13:47:33.126 [info] Stored 1 sessions!
2023-02-14 13:47:33.127 [info] Login success!
2023-02-14 13:47:33.129 [info] Getting sessions for user:email...
2023-02-14 13:47:33.129 [info] Got 1 sessions for user:email...
2023-02-14 13:47:33.131 [info] Getting sessions for user:email...
2023-02-14 13:47:33.131 [info] Got 1 sessions for user:email...
2023-02-14 13:47:33.818 [info] Getting user info...
2023-02-14 13:47:34.190 [info] Got account info!
2023-02-14 13:48:00.697 [info] Getting sessions for read:user,repo,user:email,workflow...
2023-02-14 13:48:00.697 [info] Got 0 sessions for read:user,repo,user:email,workflow...
2023-02-14 13:48:00.699 [info] Getting sessions for read:user,repo,user:email...
2023-02-14 13:48:00.699 [info] Got 0 sessions for read:user,repo,user:email...
