2023-02-14 13:46:26.786 [info] Log level: Info
2023-02-14 13:46:26.786 [info] Validating found git in: "git"
2023-02-14 13:46:26.786 [info] Using git "2.39.1" from "git"
2023-02-14 13:46:26.789 [info] > git rev-parse --show-toplevel [4ms]
2023-02-14 13:46:26.803 [info] > git rev-parse --git-dir --git-common-dir [3ms]
2023-02-14 13:46:26.812 [info] Open repository: /home/meow/CONFiiG
2023-02-14 13:46:26.824 [info] > git rev-parse --show-toplevel [6ms]
2023-02-14 13:46:26.831 [info] > git rev-parse --show-toplevel [4ms]
2023-02-14 13:46:26.834 [info] > git config --get commit.template [10ms]
2023-02-14 13:46:26.834 [info] > git rev-parse --show-toplevel [1ms]
2023-02-14 13:46:26.839 [info] > git for-each-ref --format=%(refname)%00%(upstream:short)%00%(objectname)%00%(upstream:track)%00%(upstream:remotename)%00%(upstream:remoteref) refs/heads/main refs/remotes/main [0ms]
2023-02-14 13:46:26.846 [info] > git rev-parse --show-toplevel [10ms]
2023-02-14 13:46:26.850 [info] > git status -z -uall [7ms]
2023-02-14 13:46:26.850 [info] > git for-each-ref --sort -committerdate --format %(refname) %(objectname) %(*objectname) [4ms]
2023-02-14 13:46:26.865 [info] > git config --get commit.template [3ms]
2023-02-14 13:46:26.869 [info] > git for-each-ref --format=%(refname)%00%(upstream:short)%00%(objectname)%00%(upstream:track)%00%(upstream:remotename)%00%(upstream:remoteref) refs/heads/main refs/remotes/main [2ms]
2023-02-14 13:46:26.875 [info] > git status -z -uall [4ms]
2023-02-14 13:46:26.876 [info] > git for-each-ref --sort -committerdate --format %(refname) %(objectname) %(*objectname) [1ms]
2023-02-14 13:46:27.346 [info] > git check-ignore -v -z --stdin [3ms]
2023-02-14 13:48:00.778 [info] > git config --local branch.main.github-pr-owner-number [23ms]
2023-02-14 13:48:00.787 [info] > git config --get commit.template [3ms]
2023-02-14 13:48:00.787 [info] > git for-each-ref --format=%(refname)%00%(upstream:short)%00%(objectname)%00%(upstream:track)%00%(upstream:remotename)%00%(upstream:remoteref) refs/heads/main refs/remotes/main [1ms]
2023-02-14 13:48:00.795 [info] > git status -z -uall [5ms]
2023-02-14 13:48:00.797 [info] > git for-each-ref --sort -committerdate --format %(refname) %(objectname) %(*objectname) [2ms]
2023-02-14 13:48:42.316 [info] > git check-ignore -v -z --stdin [1ms]
2023-02-14 13:48:44.376 [info] > git show --textconv :archlinux/40-libinput.conf [4ms]
2023-02-14 13:48:44.378 [info] > git ls-files --stage -- /home/meow/CONFiiG/archlinux/40-libinput.conf [2ms]
2023-02-14 13:48:44.384 [info] > git cat-file -s 1b046c5a7c1e4fcddc51b1af19eb3251a046e02b [1ms]
2023-02-14 13:48:47.643 [info] > git ls-files --stage -- /home/meow/CONFiiG/archlinux/notes_arch_use.txt [1ms]
2023-02-14 13:48:47.646 [info] > git show --textconv :archlinux/notes_arch_use.txt [10ms]
2023-02-14 13:48:47.647 [info] > git cat-file -s 916acd7def64ffc2112508d65a0cb20bba5082db [1ms]
2023-02-14 13:48:50.069 [info] > git show --textconv :archlinux/postinstall_script.sh [4ms]
2023-02-14 13:48:50.069 [info] > git ls-files --stage -- /home/meow/CONFiiG/archlinux/postinstall_script.sh [1ms]
2023-02-14 13:48:50.074 [info] > git cat-file -s 27620b6a6cf289454a805d6214f4ff3f41b97c8c [2ms]
2023-02-14 13:48:53.496 [info] > git check-ignore -v -z --stdin [1ms]
2023-02-14 13:48:58.246 [info] > git show --textconv :manjaro_i3/neoconfig.sh [5ms]
2023-02-14 13:48:58.246 [info] > git ls-files --stage -- /home/meow/CONFiiG/manjaro_i3/neoconfig.sh [1ms]
2023-02-14 13:48:58.250 [info] > git cat-file -s 292c96863d8d844300f24bd03bf5d77591e2db48 [1ms]
2023-02-14 13:50:49.374 [info] > git config --get commit.template [2ms]
2023-02-14 13:50:49.382 [info] > git for-each-ref --format=%(refname)%00%(upstream:short)%00%(objectname)%00%(upstream:track)%00%(upstream:remotename)%00%(upstream:remoteref) refs/heads/main refs/remotes/main [1ms]
2023-02-14 13:50:49.393 [info] > git status -z -uall [7ms]
2023-02-14 13:50:49.395 [info] > git for-each-ref --sort -committerdate --format %(refname) %(objectname) %(*objectname) [4ms]
2023-02-14 13:51:15.108 [info] > git config --get commit.template [2ms]
2023-02-14 13:51:15.114 [info] > git for-each-ref --format=%(refname)%00%(upstream:short)%00%(objectname)%00%(upstream:track)%00%(upstream:remotename)%00%(upstream:remoteref) refs/heads/main refs/remotes/main [0ms]
2023-02-14 13:51:15.126 [info] > git status -z -uall [7ms]
2023-02-14 13:51:15.127 [info] > git for-each-ref --sort -committerdate --format %(refname) %(objectname) %(*objectname) [1ms]
2023-02-14 13:52:25.136 [info] > git config --get commit.template [2ms]
2023-02-14 13:52:25.145 [info] > git for-each-ref --format=%(refname)%00%(upstream:short)%00%(objectname)%00%(upstream:track)%00%(upstream:remotename)%00%(upstream:remoteref) refs/heads/main refs/remotes/main [3ms]
2023-02-14 13:52:25.155 [info] > git status -z -uall [5ms]
2023-02-14 13:52:25.157 [info] > git for-each-ref --sort -committerdate --format %(refname) %(objectname) %(*objectname) [3ms]
2023-02-14 13:53:00.725 [info] > git config --local branch.main.github-pr-owner-number [2ms]
2023-02-14 13:53:00.741 [info] > git config --get commit.template [8ms]
2023-02-14 13:53:00.745 [info] > git for-each-ref --format=%(refname)%00%(upstream:short)%00%(objectname)%00%(upstream:track)%00%(upstream:remotename)%00%(upstream:remoteref) refs/heads/main refs/remotes/main [5ms]
2023-02-14 13:53:00.761 [info] > git status -z -uall [9ms]
2023-02-14 13:53:00.762 [info] > git for-each-ref --sort -committerdate --format %(refname) %(objectname) %(*objectname) [2ms]
2023-02-14 13:53:04.859 [info] > git config --get commit.template [3ms]
2023-02-14 13:53:04.859 [info] > git for-each-ref --format=%(refname)%00%(upstream:short)%00%(objectname)%00%(upstream:track)%00%(upstream:remotename)%00%(upstream:remoteref) refs/heads/main refs/remotes/main [1ms]
2023-02-14 13:53:04.864 [info] > git status -z -uall [3ms]
2023-02-14 13:53:04.865 [info] > git for-each-ref --sort -committerdate --format %(refname) %(objectname) %(*objectname) [1ms]
2023-02-14 13:53:26.430 [info] > git config --get commit.template [2ms]
2023-02-14 13:53:26.439 [info] > git for-each-ref --format=%(refname)%00%(upstream:short)%00%(objectname)%00%(upstream:track)%00%(upstream:remotename)%00%(upstream:remoteref) refs/heads/main refs/remotes/main [3ms]
2023-02-14 13:53:26.453 [info] > git status -z -uall [8ms]
2023-02-14 13:53:26.455 [info] > git for-each-ref --sort -committerdate --format %(refname) %(objectname) %(*objectname) [3ms]
2023-02-14 13:53:36.675 [info] > git config --get commit.template [1ms]
2023-02-14 13:53:36.684 [info] > git for-each-ref --format=%(refname)%00%(upstream:short)%00%(objectname)%00%(upstream:track)%00%(upstream:remotename)%00%(upstream:remoteref) refs/heads/main refs/remotes/main [3ms]
2023-02-14 13:53:36.698 [info] > git status -z -uall [8ms]
2023-02-14 13:53:36.700 [info] > git for-each-ref --sort -committerdate --format %(refname) %(objectname) %(*objectname) [3ms]
2023-02-14 13:53:45.009 [info] > git config --get commit.template [1ms]
2023-02-14 13:53:45.014 [info] > git for-each-ref --format=%(refname)%00%(upstream:short)%00%(objectname)%00%(upstream:track)%00%(upstream:remotename)%00%(upstream:remoteref) refs/heads/main refs/remotes/main [2ms]
2023-02-14 13:53:45.024 [info] > git status -z -uall [4ms]
2023-02-14 13:53:45.026 [info] > git for-each-ref --sort -committerdate --format %(refname) %(objectname) %(*objectname) [1ms]
2023-02-14 13:54:37.662 [info] > git show --textconv :archlinux/notes_arch_use.txt [5ms]
2023-02-14 13:54:37.664 [info] > git ls-files --stage -- /home/meow/CONFiiG/archlinux/notes_arch_use.txt [2ms]
2023-02-14 13:54:37.668 [info] > git cat-file -s 916acd7def64ffc2112508d65a0cb20bba5082db [1ms]
2023-02-14 13:54:39.056 [info] > git check-ignore -v -z --stdin [2ms]
2023-02-14 13:54:43.872 [info] > git show --textconv :archlinux/nobeep.conf [10ms]
2023-02-14 13:54:43.874 [info] > git ls-files --stage -- /home/meow/CONFiiG/archlinux/nobeep.conf [3ms]
2023-02-14 13:54:44.128 [info] > git check-ignore -v -z --stdin [1ms]
2023-02-14 13:54:44.634 [info] > git config --get commit.template [2ms]
2023-02-14 13:54:44.643 [info] > git for-each-ref --format=%(refname)%00%(upstream:short)%00%(objectname)%00%(upstream:track)%00%(upstream:remotename)%00%(upstream:remoteref) refs/heads/main refs/remotes/main [3ms]
2023-02-14 13:54:44.657 [info] > git status -z -uall [8ms]
2023-02-14 13:54:44.659 [info] > git for-each-ref --sort -committerdate --format %(refname) %(objectname) %(*objectname) [3ms]
2023-02-14 13:54:59.519 [info] > git config --get commit.template [2ms]
2023-02-14 13:54:59.527 [info] > git for-each-ref --format=%(refname)%00%(upstream:short)%00%(objectname)%00%(upstream:track)%00%(upstream:remotename)%00%(upstream:remoteref) refs/heads/main refs/remotes/main [2ms]
2023-02-14 13:54:59.542 [info] > git status -z -uall [9ms]
2023-02-14 13:54:59.544 [info] > git for-each-ref --sort -committerdate --format %(refname) %(objectname) %(*objectname) [3ms]
2023-02-14 13:57:13.044 [info] > git config --get commit.template [1ms]
2023-02-14 13:57:13.052 [info] > git for-each-ref --format=%(refname)%00%(upstream:short)%00%(objectname)%00%(upstream:track)%00%(upstream:remotename)%00%(upstream:remoteref) refs/heads/main refs/remotes/main [3ms]
2023-02-14 13:57:13.061 [info] > git status -z -uall [4ms]
2023-02-14 13:57:13.063 [info] > git for-each-ref --sort -committerdate --format %(refname) %(objectname) %(*objectname) [3ms]
2023-02-14 13:57:33.146 [info] > git config --get commit.template [8ms]
2023-02-14 13:57:33.147 [info] > git for-each-ref --format=%(refname)%00%(upstream:short)%00%(objectname)%00%(upstream:track)%00%(upstream:remotename)%00%(upstream:remoteref) refs/heads/main refs/remotes/main [2ms]
2023-02-14 13:57:33.159 [info] > git status -z -uall [6ms]
2023-02-14 13:57:33.161 [info] > git for-each-ref --sort -committerdate --format %(refname) %(objectname) %(*objectname) [3ms]
2023-02-14 13:57:33.268 [info] > git ls-files --stage -- /home/meow/CONFiiG/archlinux/nobeep.conf [4ms]
2023-02-14 13:57:33.269 [info] > git ls-files --stage -- /home/meow/CONFiiG/archlinux/notes_arch_use.txt [13ms]
2023-02-14 13:57:33.277 [info] > git ls-files --stage -- /home/meow/CONFiiG/manjaro_i3/neoconfig.sh [29ms]
2023-02-14 13:57:33.284 [info] > git ls-files --stage -- /home/meow/CONFiiG/archlinux/postinstall_script.sh [44ms]
2023-02-14 13:57:33.295 [info] > git cat-file -s 27620b6a6cf289454a805d6214f4ff3f41b97c8c [5ms]
2023-02-14 13:57:33.296 [info] > git cat-file -s 5fe82c9baa66e48e6080f6606046b6b06d7dfefd [13ms]
2023-02-14 13:57:33.297 [info] > git cat-file -s 916acd7def64ffc2112508d65a0cb20bba5082db [20ms]
2023-02-14 13:57:33.336 [info] > git show --textconv :archlinux/nobeep.conf [29ms]
2023-02-14 13:57:33.336 [info] > git show --textconv :archlinux/postinstall_script.sh [21ms]
2023-02-14 13:57:33.336 [info] > git show --textconv :manjaro_i3/neoconfig.sh [12ms]
2023-02-14 13:57:33.336 [info] > git show --textconv :archlinux/notes_arch_use.txt [2ms]
2023-02-14 13:57:39.111 [info] > git config --get commit.template [1ms]
2023-02-14 13:57:39.119 [info] > git for-each-ref --format=%(refname)%00%(upstream:short)%00%(objectname)%00%(upstream:track)%00%(upstream:remotename)%00%(upstream:remoteref) refs/heads/main refs/remotes/main [3ms]
2023-02-14 13:57:39.134 [info] > git status -z -uall [8ms]
2023-02-14 13:57:39.135 [info] > git for-each-ref --sort -committerdate --format %(refname) %(objectname) %(*objectname) [1ms]
2023-02-14 13:57:39.169 [info] > git config --local branch.main.github-pr-owner-number [2ms]
2023-02-14 13:57:39.185 [info] > git config --get commit.template [8ms]
2023-02-14 13:57:39.186 [info] > git for-each-ref --format=%(refname)%00%(upstream:short)%00%(objectname)%00%(upstream:track)%00%(upstream:remotename)%00%(upstream:remoteref) refs/heads/main refs/remotes/main [2ms]
2023-02-14 13:57:39.202 [info] > git status -z -uall [9ms]
2023-02-14 13:57:39.203 [info] > git for-each-ref --sort -committerdate --format %(refname) %(objectname) %(*objectname) [3ms]
2023-02-14 13:57:39.241 [info] > git ls-files --stage -- /home/meow/CONFiiG/archlinux/nobeep.conf [3ms]
2023-02-14 13:57:39.242 [info] > git ls-files --stage -- /home/meow/CONFiiG/archlinux/notes_arch_use.txt [11ms]
2023-02-14 13:57:39.249 [info] > git ls-files --stage -- /home/meow/CONFiiG/manjaro_i3/neoconfig.sh [25ms]
2023-02-14 13:57:39.255 [info] > git ls-files --stage -- /home/meow/CONFiiG/archlinux/postinstall_script.sh [39ms]
2023-02-14 13:57:39.263 [info] > git cat-file -s 27620b6a6cf289454a805d6214f4ff3f41b97c8c [2ms]
2023-02-14 13:57:39.265 [info] > git cat-file -s 5fe82c9baa66e48e6080f6606046b6b06d7dfefd [10ms]
2023-02-14 13:57:39.265 [info] > git cat-file -s 916acd7def64ffc2112508d65a0cb20bba5082db [17ms]
2023-02-14 13:57:39.317 [info] > git show --textconv :archlinux/nobeep.conf [28ms]
2023-02-14 13:57:39.317 [info] > git show --textconv :archlinux/postinstall_script.sh [22ms]
2023-02-14 13:57:39.317 [info] > git show --textconv :manjaro_i3/neoconfig.sh [10ms]
2023-02-14 13:57:39.317 [info] > git show --textconv :archlinux/notes_arch_use.txt [3ms]
2023-02-14 13:57:43.091 [info] > git ls-files --stage -- /home/meow/CONFiiG/archlinux/notes_arch_use.txt [9ms]
2023-02-14 13:57:43.097 [info] > git ls-files --stage -- /home/meow/CONFiiG/manjaro_i3/neoconfig.sh [22ms]
2023-02-14 13:57:43.104 [info] > git ls-files --stage -- /home/meow/CONFiiG/archlinux/postinstall_script.sh [36ms]
2023-02-14 13:57:43.112 [info] > git cat-file -s 27620b6a6cf289454a805d6214f4ff3f41b97c8c [3ms]
2023-02-14 13:57:43.113 [info] > git cat-file -s 5fe82c9baa66e48e6080f6606046b6b06d7dfefd [10ms]
2023-02-14 13:57:43.114 [info] > git cat-file -s 916acd7def64ffc2112508d65a0cb20bba5082db [17ms]
2023-02-14 13:57:43.115 [info] > git ls-files --stage -- /home/meow/CONFiiG/archlinux/nobeep.conf [26ms]
2023-02-14 13:57:43.154 [info] > git show --textconv :archlinux/postinstall_script.sh [30ms]
2023-02-14 13:57:43.154 [info] > git show --textconv :manjaro_i3/neoconfig.sh [19ms]
2023-02-14 13:57:43.154 [info] > git show --textconv :archlinux/notes_arch_use.txt [10ms]
2023-02-14 13:57:43.154 [info] > git show --textconv :archlinux/nobeep.conf [2ms]
2023-02-14 13:57:44.162 [info] > git config --get commit.template [2ms]
2023-02-14 13:57:44.170 [info] > git for-each-ref --format=%(refname)%00%(upstream:short)%00%(objectname)%00%(upstream:track)%00%(upstream:remotename)%00%(upstream:remoteref) refs/heads/main refs/remotes/main [2ms]
2023-02-14 13:57:44.188 [info] > git status -z -uall [10ms]
2023-02-14 13:57:44.189 [info] > git for-each-ref --sort -committerdate --format %(refname) %(objectname) %(*objectname) [2ms]
2023-02-14 13:57:44.213 [info] > git config --local branch.main.github-pr-owner-number [2ms]
2023-02-14 13:57:44.227 [info] > git config --get commit.template [7ms]
2023-02-14 13:57:44.227 [info] > git for-each-ref --format=%(refname)%00%(upstream:short)%00%(objectname)%00%(upstream:track)%00%(upstream:remotename)%00%(upstream:remoteref) refs/heads/main refs/remotes/main [2ms]
2023-02-14 13:57:44.243 [info] > git status -z -uall [9ms]
2023-02-14 13:57:44.245 [info] > git for-each-ref --sort -committerdate --format %(refname) %(objectname) %(*objectname) [2ms]
2023-02-14 14:20:56.985 [info] > git config --local branch.main.github-pr-owner-number [2ms]
2023-02-14 14:20:57.000 [info] > git config --get commit.template [8ms]
2023-02-14 14:20:57.002 [info] > git for-each-ref --format=%(refname)%00%(upstream:short)%00%(objectname)%00%(upstream:track)%00%(upstream:remotename)%00%(upstream:remoteref) refs/heads/main refs/remotes/main [3ms]
2023-02-14 14:20:57.016 [info] > git status -z -uall [8ms]
2023-02-14 14:20:57.018 [info] > git for-each-ref --sort -committerdate --format %(refname) %(objectname) %(*objectname) [3ms]
2023-02-14 14:25:57.031 [info] > git config --local branch.main.github-pr-owner-number [1ms]
2023-02-14 14:25:57.038 [info] > git config --get commit.template [1ms]
2023-02-14 14:25:57.047 [info] > git for-each-ref --format=%(refname)%00%(upstream:short)%00%(objectname)%00%(upstream:track)%00%(upstream:remotename)%00%(upstream:remoteref) refs/heads/main refs/remotes/main [3ms]
2023-02-14 14:25:57.060 [info] > git status -z -uall [7ms]
2023-02-14 14:25:57.063 [info] > git for-each-ref --sort -committerdate --format %(refname) %(objectname) %(*objectname) [4ms]
2023-02-14 14:30:57.077 [info] > git config --local branch.main.github-pr-owner-number [0ms]
2023-02-14 14:30:57.088 [info] > git config --get commit.template [6ms]
2023-02-14 14:30:57.088 [info] > git for-each-ref --format=%(refname)%00%(upstream:short)%00%(objectname)%00%(upstream:track)%00%(upstream:remotename)%00%(upstream:remoteref) refs/heads/main refs/remotes/main [1ms]
2023-02-14 14:30:57.101 [info] > git status -z -uall [8ms]
2023-02-14 14:30:57.103 [info] > git for-each-ref --sort -committerdate --format %(refname) %(objectname) %(*objectname) [3ms]
2023-02-14 14:35:57.115 [info] > git config --local branch.main.github-pr-owner-number [1ms]
2023-02-14 14:35:57.127 [info] > git config --get commit.template [7ms]
2023-02-14 14:35:57.127 [info] > git for-each-ref --format=%(refname)%00%(upstream:short)%00%(objectname)%00%(upstream:track)%00%(upstream:remotename)%00%(upstream:remoteref) refs/heads/main refs/remotes/main [1ms]
2023-02-14 14:35:57.141 [info] > git status -z -uall [8ms]
2023-02-14 14:35:57.142 [info] > git for-each-ref --sort -committerdate --format %(refname) %(objectname) %(*objectname) [2ms]
2023-02-14 14:40:57.155 [info] > git config --local branch.main.github-pr-owner-number [1ms]
2023-02-14 14:40:57.168 [info] > git config --get commit.template [8ms]
2023-02-14 14:40:57.169 [info] > git for-each-ref --format=%(refname)%00%(upstream:short)%00%(objectname)%00%(upstream:track)%00%(upstream:remotename)%00%(upstream:remoteref) refs/heads/main refs/remotes/main [2ms]
2023-02-14 14:40:57.183 [info] > git status -z -uall [8ms]
2023-02-14 14:40:57.185 [info] > git for-each-ref --sort -committerdate --format %(refname) %(objectname) %(*objectname) [3ms]
2023-02-14 14:45:57.200 [info] > git config --local branch.main.github-pr-owner-number [1ms]
2023-02-14 14:45:57.215 [info] > git config --get commit.template [8ms]
2023-02-14 14:45:57.216 [info] > git for-each-ref --format=%(refname)%00%(upstream:short)%00%(objectname)%00%(upstream:track)%00%(upstream:remotename)%00%(upstream:remoteref) refs/heads/main refs/remotes/main [2ms]
2023-02-14 14:45:57.231 [info] > git status -z -uall [9ms]
2023-02-14 14:45:57.233 [info] > git for-each-ref --sort -committerdate --format %(refname) %(objectname) %(*objectname) [2ms]
2023-02-14 14:50:57.248 [info] > git config --local branch.main.github-pr-owner-number [2ms]
2023-02-14 14:50:57.258 [info] > git config --get commit.template [1ms]
2023-02-14 14:50:57.266 [info] > git for-each-ref --format=%(refname)%00%(upstream:short)%00%(objectname)%00%(upstream:track)%00%(upstream:remotename)%00%(upstream:remoteref) refs/heads/main refs/remotes/main [2ms]
2023-02-14 14:50:57.283 [info] > git status -z -uall [10ms]
2023-02-14 14:50:57.285 [info] > git for-each-ref --sort -committerdate --format %(refname) %(objectname) %(*objectname) [3ms]
2023-02-14 14:55:57.299 [info] > git config --local branch.main.github-pr-owner-number [1ms]
2023-02-14 14:55:57.315 [info] > git config --get commit.template [8ms]
2023-02-14 14:55:57.315 [info] > git for-each-ref --format=%(refname)%00%(upstream:short)%00%(objectname)%00%(upstream:track)%00%(upstream:remotename)%00%(upstream:remoteref) refs/heads/main refs/remotes/main [2ms]
2023-02-14 14:55:57.329 [info] > git status -z -uall [7ms]
2023-02-14 14:55:57.331 [info] > git for-each-ref --sort -committerdate --format %(refname) %(objectname) %(*objectname) [2ms]
2023-02-14 15:00:57.340 [info] > git config --local branch.main.github-pr-owner-number [1ms]
2023-02-14 15:00:57.347 [info] > git config --get commit.template [3ms]
2023-02-14 15:00:57.348 [info] > git for-each-ref --format=%(refname)%00%(upstream:short)%00%(objectname)%00%(upstream:track)%00%(upstream:remotename)%00%(upstream:remoteref) refs/heads/main refs/remotes/main [1ms]
2023-02-14 15:00:57.355 [info] > git status -z -uall [5ms]
2023-02-14 15:00:57.356 [info] > git for-each-ref --sort -committerdate --format %(refname) %(objectname) %(*objectname) [1ms]
2023-02-14 15:05:57.369 [info] > git config --local branch.main.github-pr-owner-number [2ms]
2023-02-14 15:05:57.385 [info] > git config --get commit.template [7ms]
2023-02-14 15:05:57.386 [info] > git for-each-ref --format=%(refname)%00%(upstream:short)%00%(objectname)%00%(upstream:track)%00%(upstream:remotename)%00%(upstream:remoteref) refs/heads/main refs/remotes/main [2ms]
2023-02-14 15:05:57.401 [info] > git status -z -uall [8ms]
2023-02-14 15:05:57.403 [info] > git for-each-ref --sort -committerdate --format %(refname) %(objectname) %(*objectname) [3ms]
2023-02-14 15:10:57.420 [info] > git config --local branch.main.github-pr-owner-number [1ms]
2023-02-14 15:10:57.436 [info] > git config --get commit.template [8ms]
2023-02-14 15:10:57.437 [info] > git for-each-ref --format=%(refname)%00%(upstream:short)%00%(objectname)%00%(upstream:track)%00%(upstream:remotename)%00%(upstream:remoteref) refs/heads/main refs/remotes/main [2ms]
2023-02-14 15:10:57.452 [info] > git status -z -uall [8ms]
2023-02-14 15:10:57.454 [info] > git for-each-ref --sort -committerdate --format %(refname) %(objectname) %(*objectname) [2ms]
2023-02-14 15:15:32.509 [info] > git ls-files --stage -- /home/meow/CONFiiG/archlinux/notes_arch_use.txt [5ms]
2023-02-14 15:15:32.515 [info] > git ls-files --stage -- /home/meow/CONFiiG/manjaro_i3/neoconfig.sh [18ms]
2023-02-14 15:15:32.522 [info] > git ls-files --stage -- /home/meow/CONFiiG/archlinux/postinstall_script.sh [29ms]
2023-02-14 15:15:32.528 [info] > git config --get commit.template [40ms]
2023-02-14 15:15:32.534 [info] > git cat-file -s c7c4c6664151ceb63711798358d82e54245b8dd8 [7ms]
2023-02-14 15:15:32.535 [info] > git cat-file -s 5fe82c9baa66e48e6080f6606046b6b06d7dfefd [14ms]
2023-02-14 15:15:32.536 [info] > git cat-file -s 916acd7def64ffc2112508d65a0cb20bba5082db [21ms]
2023-02-14 15:15:32.537 [info] > git ls-files --stage -- /home/meow/CONFiiG/archlinux/nobeep.conf [29ms]
2023-02-14 15:15:32.562 [info] > git show --textconv :archlinux/postinstall_script.sh [15ms]
2023-02-14 15:15:32.562 [info] > git show --textconv :manjaro_i3/neoconfig.sh [7ms]
2023-02-14 15:15:32.566 [info] > git cat-file -s 5318126df15c2e6d90ed2e4e697510fe5e0788e5 [24ms]
2023-02-14 15:15:32.566 [info] > git for-each-ref --format=%(refname)%00%(upstream:short)%00%(objectname)%00%(upstream:track)%00%(upstream:remotename)%00%(upstream:remoteref) refs/heads/main refs/remotes/main [33ms]
2023-02-14 15:15:32.583 [info] > git show --textconv :archlinux/notes_arch_use.txt [23ms]
2023-02-14 15:15:32.583 [info] > git status -z -uall [10ms]
2023-02-14 15:15:32.583 [info] > git for-each-ref --sort -committerdate --format %(refname) %(objectname) %(*objectname) [2ms]
2023-02-14 15:15:32.607 [info] > git show --textconv :archlinux/nobeep.conf [10ms]
2023-02-14 15:15:32.608 [info] > git config --local branch.main.github-pr-owner-number [2ms]
2023-02-14 15:15:32.618 [info] > git config --get commit.template [1ms]
2023-02-14 15:15:32.627 [info] > git for-each-ref --format=%(refname)%00%(upstream:short)%00%(objectname)%00%(upstream:track)%00%(upstream:remotename)%00%(upstream:remoteref) refs/heads/main refs/remotes/main [1ms]
2023-02-14 15:15:32.633 [info] > git status -z -uall [3ms]
2023-02-14 15:15:32.634 [info] > git for-each-ref --sort -committerdate --format %(refname) %(objectname) %(*objectname) [1ms]
2023-02-14 15:15:37.601 [info] > git config --get commit.template [2ms]
2023-02-14 15:15:37.611 [info] > git for-each-ref --format=%(refname)%00%(upstream:short)%00%(objectname)%00%(upstream:track)%00%(upstream:remotename)%00%(upstream:remoteref) refs/heads/main refs/remotes/main [3ms]
2023-02-14 15:15:37.628 [info] > git status -z -uall [9ms]
2023-02-14 15:15:37.630 [info] > git for-each-ref --sort -committerdate --format %(refname) %(objectname) %(*objectname) [3ms]
2023-02-14 15:15:57.470 [info] > git config --local branch.main.github-pr-owner-number [0ms]
2023-02-14 15:15:57.475 [info] > git config --get commit.template [0ms]
2023-02-14 15:15:57.481 [info] > git for-each-ref --format=%(refname)%00%(upstream:short)%00%(objectname)%00%(upstream:track)%00%(upstream:remotename)%00%(upstream:remoteref) refs/heads/main refs/remotes/main [2ms]
2023-02-14 15:15:57.494 [info] > git status -z -uall [8ms]
2023-02-14 15:15:57.496 [info] > git for-each-ref --sort -committerdate --format %(refname) %(objectname) %(*objectname) [1ms]
2023-02-14 15:20:57.512 [info] > git config --local branch.main.github-pr-owner-number [2ms]
2023-02-14 15:20:57.526 [info] > git config --get commit.template [8ms]
2023-02-14 15:20:57.528 [info] > git for-each-ref --format=%(refname)%00%(upstream:short)%00%(objectname)%00%(upstream:track)%00%(upstream:remotename)%00%(upstream:remoteref) refs/heads/main refs/remotes/main [2ms]
2023-02-14 15:20:57.542 [info] > git status -z -uall [9ms]
2023-02-14 15:20:57.543 [info] > git for-each-ref --sort -committerdate --format %(refname) %(objectname) %(*objectname) [2ms]
2023-02-14 15:25:57.561 [info] > git config --local branch.main.github-pr-owner-number [2ms]
2023-02-14 15:25:57.577 [info] > git config --get commit.template [8ms]
2023-02-14 15:25:57.579 [info] > git for-each-ref --format=%(refname)%00%(upstream:short)%00%(objectname)%00%(upstream:track)%00%(upstream:remotename)%00%(upstream:remoteref) refs/heads/main refs/remotes/main [2ms]
2023-02-14 15:25:57.595 [info] > git status -z -uall [9ms]
2023-02-14 15:25:57.596 [info] > git for-each-ref --sort -committerdate --format %(refname) %(objectname) %(*objectname) [3ms]
2023-02-14 15:30:57.611 [info] > git config --local branch.main.github-pr-owner-number [1ms]
2023-02-14 15:30:57.629 [info] > git config --get commit.template [8ms]
2023-02-14 15:30:57.630 [info] > git for-each-ref --format=%(refname)%00%(upstream:short)%00%(objectname)%00%(upstream:track)%00%(upstream:remotename)%00%(upstream:remoteref) refs/heads/main refs/remotes/main [2ms]
2023-02-14 15:30:57.645 [info] > git status -z -uall [9ms]
2023-02-14 15:30:57.647 [info] > git for-each-ref --sort -committerdate --format %(refname) %(objectname) %(*objectname) [2ms]
2023-02-14 15:35:57.663 [info] > git config --local branch.main.github-pr-owner-number [2ms]
2023-02-14 15:35:57.679 [info] > git config --get commit.template [8ms]
2023-02-14 15:35:57.680 [info] > git for-each-ref --format=%(refname)%00%(upstream:short)%00%(objectname)%00%(upstream:track)%00%(upstream:remotename)%00%(upstream:remoteref) refs/heads/main refs/remotes/main [2ms]
2023-02-14 15:35:57.695 [info] > git status -z -uall [9ms]
2023-02-14 15:35:57.697 [info] > git for-each-ref --sort -committerdate --format %(refname) %(objectname) %(*objectname) [3ms]
2023-02-14 15:40:57.713 [info] > git config --local branch.main.github-pr-owner-number [2ms]
2023-02-14 15:40:57.729 [info] > git config --get commit.template [8ms]
2023-02-14 15:40:57.731 [info] > git for-each-ref --format=%(refname)%00%(upstream:short)%00%(objectname)%00%(upstream:track)%00%(upstream:remotename)%00%(upstream:remoteref) refs/heads/main refs/remotes/main [2ms]
2023-02-14 15:40:57.747 [info] > git status -z -uall [9ms]
2023-02-14 15:40:57.749 [info] > git for-each-ref --sort -committerdate --format %(refname) %(objectname) %(*objectname) [3ms]
2023-02-14 15:46:10.725 [info] > git config --local branch.main.github-pr-owner-number [1ms]
2023-02-14 15:46:10.739 [info] > git config --get commit.template [7ms]
2023-02-14 15:46:10.740 [info] > git for-each-ref --format=%(refname)%00%(upstream:short)%00%(objectname)%00%(upstream:track)%00%(upstream:remotename)%00%(upstream:remoteref) refs/heads/main refs/remotes/main [0ms]
2023-02-14 15:46:10.753 [info] > git status -z -uall [8ms]
2023-02-14 15:46:10.753 [info] > git for-each-ref --sort -committerdate --format %(refname) %(objectname) %(*objectname) [1ms]
2023-02-14 18:08:50.767 [info] > git config --local branch.main.github-pr-owner-number [2ms]
2023-02-14 18:08:50.783 [info] > git config --get commit.template [8ms]
2023-02-14 18:08:50.785 [info] > git for-each-ref --format=%(refname)%00%(upstream:short)%00%(objectname)%00%(upstream:track)%00%(upstream:remotename)%00%(upstream:remoteref) refs/heads/main refs/remotes/main [2ms]
2023-02-14 18:08:50.800 [info] > git status -z -uall [9ms]
2023-02-14 18:08:50.802 [info] > git for-each-ref --sort -committerdate --format %(refname) %(objectname) %(*objectname) [2ms]
2023-02-14 18:13:52.751 [info] > git config --local branch.main.github-pr-owner-number [2ms]
2023-02-14 18:13:52.768 [info] > git config --get commit.template [8ms]
2023-02-14 18:13:52.769 [info] > git for-each-ref --format=%(refname)%00%(upstream:short)%00%(objectname)%00%(upstream:track)%00%(upstream:remotename)%00%(upstream:remoteref) refs/heads/main refs/remotes/main [2ms]
2023-02-14 18:13:52.785 [info] > git status -z -uall [9ms]
2023-02-14 18:13:52.786 [info] > git for-each-ref --sort -committerdate --format %(refname) %(objectname) %(*objectname) [2ms]
2023-02-14 18:18:52.803 [info] > git config --local branch.main.github-pr-owner-number [2ms]
2023-02-14 18:18:52.821 [info] > git config --get commit.template [8ms]
2023-02-14 18:18:52.822 [info] > git for-each-ref --format=%(refname)%00%(upstream:short)%00%(objectname)%00%(upstream:track)%00%(upstream:remotename)%00%(upstream:remoteref) refs/heads/main refs/remotes/main [2ms]
2023-02-14 18:18:52.838 [info] > git status -z -uall [9ms]
2023-02-14 18:18:52.840 [info] > git for-each-ref --sort -committerdate --format %(refname) %(objectname) %(*objectname) [2ms]
2023-02-14 18:23:52.857 [info] > git config --local branch.main.github-pr-owner-number [2ms]
2023-02-14 18:23:52.861 [info] > git config --get commit.template [0ms]
2023-02-14 18:23:52.864 [info] > git for-each-ref --format=%(refname)%00%(upstream:short)%00%(objectname)%00%(upstream:track)%00%(upstream:remotename)%00%(upstream:remoteref) refs/heads/main refs/remotes/main [1ms]
2023-02-14 18:23:52.870 [info] > git status -z -uall [3ms]
2023-02-14 18:23:52.870 [info] > git for-each-ref --sort -committerdate --format %(refname) %(objectname) %(*objectname) [1ms]
2023-02-14 18:28:52.884 [info] > git config --local branch.main.github-pr-owner-number [2ms]
2023-02-14 18:28:52.899 [info] > git config --get commit.template [8ms]
2023-02-14 18:28:52.901 [info] > git for-each-ref --format=%(refname)%00%(upstream:short)%00%(objectname)%00%(upstream:track)%00%(upstream:remotename)%00%(upstream:remoteref) refs/heads/main refs/remotes/main [2ms]
2023-02-14 18:28:52.916 [info] > git status -z -uall [9ms]
2023-02-14 18:28:52.918 [info] > git for-each-ref --sort -committerdate --format %(refname) %(objectname) %(*objectname) [2ms]
2023-02-14 18:33:52.934 [info] > git config --local branch.main.github-pr-owner-number [2ms]
2023-02-14 18:33:52.950 [info] > git config --get commit.template [8ms]
2023-02-14 18:33:52.952 [info] > git for-each-ref --format=%(refname)%00%(upstream:short)%00%(objectname)%00%(upstream:track)%00%(upstream:remotename)%00%(upstream:remoteref) refs/heads/main refs/remotes/main [2ms]
2023-02-14 18:33:52.968 [info] > git status -z -uall [9ms]
2023-02-14 18:33:52.970 [info] > git for-each-ref --sort -committerdate --format %(refname) %(objectname) %(*objectname) [2ms]
2023-02-14 18:38:52.985 [info] > git config --local branch.main.github-pr-owner-number [1ms]
2023-02-14 18:38:53.001 [info] > git config --get commit.template [8ms]
2023-02-14 18:38:53.002 [info] > git for-each-ref --format=%(refname)%00%(upstream:short)%00%(objectname)%00%(upstream:track)%00%(upstream:remotename)%00%(upstream:remoteref) refs/heads/main refs/remotes/main [2ms]
2023-02-14 18:38:53.017 [info] > git status -z -uall [8ms]
2023-02-14 18:38:53.019 [info] > git for-each-ref --sort -committerdate --format %(refname) %(objectname) %(*objectname) [2ms]
2023-02-14 18:43:53.037 [info] > git config --local branch.main.github-pr-owner-number [1ms]
2023-02-14 18:43:53.053 [info] > git config --get commit.template [8ms]
2023-02-14 18:43:53.054 [info] > git for-each-ref --format=%(refname)%00%(upstream:short)%00%(objectname)%00%(upstream:track)%00%(upstream:remotename)%00%(upstream:remoteref) refs/heads/main refs/remotes/main [2ms]
2023-02-14 18:43:53.070 [info] > git status -z -uall [10ms]
2023-02-14 18:43:53.071 [info] > git for-each-ref --sort -committerdate --format %(refname) %(objectname) %(*objectname) [3ms]
2023-02-14 18:48:53.087 [info] > git config --local branch.main.github-pr-owner-number [2ms]
2023-02-14 18:48:53.103 [info] > git config --get commit.template [8ms]
2023-02-14 18:48:53.105 [info] > git for-each-ref --format=%(refname)%00%(upstream:short)%00%(objectname)%00%(upstream:track)%00%(upstream:remotename)%00%(upstream:remoteref) refs/heads/main refs/remotes/main [1ms]
2023-02-14 18:48:53.123 [info] > git status -z -uall [11ms]
2023-02-14 18:48:53.123 [info] > git for-each-ref --sort -committerdate --format %(refname) %(objectname) %(*objectname) [4ms]
2023-02-14 18:53:53.140 [info] > git config --local branch.main.github-pr-owner-number [2ms]
2023-02-14 18:53:53.156 [info] > git config --get commit.template [8ms]
2023-02-14 18:53:53.158 [info] > git for-each-ref --format=%(refname)%00%(upstream:short)%00%(objectname)%00%(upstream:track)%00%(upstream:remotename)%00%(upstream:remoteref) refs/heads/main refs/remotes/main [3ms]
2023-02-14 18:53:53.175 [info] > git status -z -uall [11ms]
2023-02-14 18:53:53.176 [info] > git for-each-ref --sort -committerdate --format %(refname) %(objectname) %(*objectname) [3ms]
2023-02-14 18:57:05.686 [info] > git ls-files --stage -- /home/meow/CONFiiG/archlinux/notes_arch_use.txt [11ms]
2023-02-14 18:57:05.697 [info] > git ls-files --stage -- /home/meow/CONFiiG/manjaro_i3/neoconfig.sh [29ms]
2023-02-14 18:57:05.704 [info] > git ls-files --stage -- /home/meow/CONFiiG/archlinux/postinstall_script.sh [47ms]
2023-02-14 18:57:05.714 [info] > git config --get commit.template [67ms]
2023-02-14 18:57:05.724 [info] > git cat-file -s c7c4c6664151ceb63711798358d82e54245b8dd8 [11ms]
2023-02-14 18:57:05.725 [info] > git cat-file -s 5fe82c9baa66e48e6080f6606046b6b06d7dfefd [22ms]
2023-02-14 18:57:05.725 [info] > git cat-file -s 916acd7def64ffc2112508d65a0cb20bba5082db [29ms]
2023-02-14 18:57:05.726 [info] > git ls-files --stage -- /home/meow/CONFiiG/archlinux/nobeep.conf [42ms]
2023-02-14 18:57:05.733 [info] > git cat-file -s 5318126df15c2e6d90ed2e4e697510fe5e0788e5 [1ms]
2023-02-14 18:57:05.734 [info] > git for-each-ref --format=%(refname)%00%(upstream:short)%00%(objectname)%00%(upstream:track)%00%(upstream:remotename)%00%(upstream:remoteref) refs/heads/main refs/remotes/main [11ms]
2023-02-14 18:57:05.753 [info] > git status -z -uall [10ms]
2023-02-14 18:57:05.786 [info] > git show --textconv :archlinux/postinstall_script.sh [26ms]
2023-02-14 18:57:05.786 [info] > git show --textconv :manjaro_i3/neoconfig.sh [18ms]
2023-02-14 18:57:05.786 [info] > git show --textconv :archlinux/notes_arch_use.txt [10ms]
2023-02-14 18:57:05.786 [info] > git show --textconv :archlinux/nobeep.conf [2ms]
2023-02-14 18:57:05.789 [info] > git for-each-ref --sort -committerdate --format %(refname) %(objectname) %(*objectname) [37ms]
