2023-02-15 20:00:47.175 [info] Log level: Info
2023-02-15 20:00:47.175 [info] Validating found git in: "git"
2023-02-15 20:00:47.175 [info] Using git "2.39.2" from "git"
2023-02-15 20:00:47.175 [info] > git rev-parse --show-toplevel [2ms]
2023-02-15 20:00:47.175 [info] > git rev-parse --git-dir --git-common-dir [1ms]
2023-02-15 20:00:47.175 [info] Open repository: /home/meow/CONFiiG
2023-02-15 20:00:47.175 [info] > git rev-parse --show-toplevel [3ms]
2023-02-15 20:00:47.175 [info] fatal: not a git repository (or any of the parent directories): .git
2023-02-15 20:00:47.175 [info] > git config --get commit.template [5ms]
2023-02-15 20:00:47.175 [info] > git rev-parse --show-toplevel [4ms]
2023-02-15 20:00:47.175 [info] > git for-each-ref --format=%(refname)%00%(upstream:short)%00%(objectname)%00%(upstream:track)%00%(upstream:remotename)%00%(upstream:remoteref) refs/heads/main refs/remotes/main [4ms]
2023-02-15 20:00:47.175 [info] > git status -z -uall [4ms]
2023-02-15 20:00:47.175 [info] > git rev-parse --show-toplevel [8ms]
2023-02-15 20:00:47.175 [info] > git rev-parse --show-toplevel [1ms]
2023-02-15 20:00:47.175 [info] > git for-each-ref --sort -committerdate --format %(refname) %(objectname) %(*objectname) [9ms]
2023-02-15 20:00:47.175 [info] > git rev-parse --show-toplevel [9ms]
2023-02-15 20:00:47.175 [info] > git config --get commit.template [53ms]
2023-02-15 20:00:47.176 [info] > git for-each-ref --format=%(refname)%00%(upstream:short)%00%(objectname)%00%(upstream:track)%00%(upstream:remotename)%00%(upstream:remoteref) refs/heads/main refs/remotes/main [1ms]
2023-02-15 20:00:47.183 [info] > git status -z -uall [5ms]
2023-02-15 20:00:47.183 [info] > git for-each-ref --sort -committerdate --format %(refname) %(objectname) %(*objectname) [2ms]
2023-02-15 20:00:47.256 [info] > git config --local branch.main.github-pr-owner-number [1ms]
2023-02-15 20:00:47.261 [info] > git config --get commit.template [1ms]
2023-02-15 20:00:47.277 [info] > git for-each-ref --format=%(refname)%00%(upstream:short)%00%(objectname)%00%(upstream:track)%00%(upstream:remotename)%00%(upstream:remoteref) refs/heads/main refs/remotes/main [1ms]
2023-02-15 20:00:47.284 [info] > git status -z -uall [4ms]
2023-02-15 20:00:47.286 [info] > git for-each-ref --sort -committerdate --format %(refname) %(objectname) %(*objectname) [3ms]
2023-02-15 20:00:47.653 [info] > git check-ignore -v -z --stdin [1ms]
2023-02-15 20:00:53.481 [info] > git config --get commit.template [1ms]
2023-02-15 20:00:53.488 [info] > git for-each-ref --format=%(refname)%00%(upstream:short)%00%(objectname)%00%(upstream:track)%00%(upstream:remotename)%00%(upstream:remoteref) refs/heads/main refs/remotes/main [2ms]
2023-02-15 20:00:53.496 [info] > git status -z -uall [5ms]
2023-02-15 20:00:53.497 [info] > git for-each-ref --sort -committerdate --format %(refname) %(objectname) %(*objectname) [2ms]
2023-02-15 20:00:58.468 [info] > git rev-parse --show-toplevel [4ms]
2023-02-15 20:00:58.468 [info] fatal: not a git repository (or any of the parent directories): .git
2023-02-15 20:00:58.508 [info] > git config --get commit.template [4ms]
2023-02-15 20:00:58.508 [info] > git for-each-ref --format=%(refname)%00%(upstream:short)%00%(objectname)%00%(upstream:track)%00%(upstream:remotename)%00%(upstream:remoteref) refs/heads/main refs/remotes/main [1ms]
2023-02-15 20:00:58.515 [info] > git status -z -uall [4ms]
2023-02-15 20:00:58.517 [info] > git for-each-ref --sort -committerdate --format %(refname) %(objectname) %(*objectname) [1ms]
2023-02-15 20:00:58.830 [info] > git show --textconv :archlinux/i3/config [3ms]
2023-02-15 20:00:58.830 [info] > git ls-files --stage -- /home/meow/CONFiiG/archlinux/i3/config [1ms]
2023-02-15 20:00:58.834 [info] > git cat-file -s 70f388ecd2979a4ce4d2b0d84a8fd42f44434408 [2ms]
2023-02-15 20:01:10.003 [info] > git rev-parse --show-toplevel [1ms]
2023-02-15 20:01:10.003 [info] fatal: not a git repository (or any of the parent directories): .git
2023-02-15 20:01:10.042 [info] > git rev-parse --show-toplevel [1ms]
2023-02-15 20:01:10.042 [info] fatal: not a git repository (or any of the parent directories): .git
2023-02-15 20:01:10.261 [info] > git show --textconv :archlinux/postinstall_script.sh [6ms]
2023-02-15 20:01:10.264 [info] > git ls-files --stage -- /home/meow/CONFiiG/archlinux/postinstall_script.sh [3ms]
2023-02-15 20:01:10.268 [info] > git cat-file -s c7c4c6664151ceb63711798358d82e54245b8dd8 [2ms]
2023-02-15 20:01:13.545 [info] > git check-ignore -v -z --stdin [1ms]
2023-02-15 20:01:31.822 [info] > git rev-parse --show-toplevel [1ms]
2023-02-15 20:01:31.822 [info] fatal: not a git repository (or any of the parent directories): .git
2023-02-15 20:01:31.852 [info] > git rev-parse --show-toplevel [2ms]
2023-02-15 20:01:31.852 [info] fatal: not a git repository (or any of the parent directories): .git
2023-02-15 20:01:32.070 [info] > git show --textconv :.git/COMMIT_EDITMSG [4ms]
2023-02-15 20:01:32.070 [info] > git ls-files --stage -- /home/meow/CONFiiG/.git/COMMIT_EDITMSG [1ms]
2023-02-15 20:01:32.381 [info] > git check-ignore -v -z --stdin [1ms]
2023-02-15 20:01:32.845 [info] > git ls-files --stage -- /home/meow/CONFiiG/.git/COMMIT_EDITMSG [2ms]
2023-02-15 20:01:32.846 [info] > git ls-files --stage -- /home/meow/CONFiiG/archlinux/postinstall_script.sh [7ms]
2023-02-15 20:01:32.858 [info] > git cat-file -s c7c4c6664151ceb63711798358d82e54245b8dd8 [7ms]
2023-02-15 20:01:32.860 [info] > git show --textconv :.git/COMMIT_EDITMSG [3ms]
2023-02-15 20:01:32.868 [info] > git show --textconv :archlinux/postinstall_script.sh [1ms]
2023-02-15 20:01:38.995 [info] > git rev-parse --show-toplevel [0ms]
2023-02-15 20:01:38.995 [info] fatal: not a git repository (or any of the parent directories): .git
2023-02-15 20:01:38.996 [info] > git -c user.useConfigOnly=true commit --quiet [7346ms]
2023-02-15 20:01:39.005 [info] > git config --get commit.template [0ms]
2023-02-15 20:01:39.014 [info] > git rev-parse --show-toplevel [2ms]
2023-02-15 20:01:39.014 [info] fatal: not a git repository (or any of the parent directories): .git
2023-02-15 20:01:39.014 [info] > git for-each-ref --format=%(refname)%00%(upstream:short)%00%(objectname)%00%(upstream:track)%00%(upstream:remotename)%00%(upstream:remoteref) refs/heads/main refs/remotes/main [5ms]
2023-02-15 20:01:39.024 [info] > git status -z -uall [6ms]
2023-02-15 20:01:39.024 [info] > git for-each-ref --sort -committerdate --format %(refname) %(objectname) %(*objectname) [1ms]
2023-02-15 20:01:39.125 [info] > git config --local branch.main.github-pr-owner-number [5ms]
2023-02-15 20:01:39.129 [info] > git config --get commit.template [4ms]
2023-02-15 20:01:39.131 [info] > git config --get commit.template [2ms]
2023-02-15 20:01:39.142 [info] > git for-each-ref --format=%(refname)%00%(upstream:short)%00%(objectname)%00%(upstream:track)%00%(upstream:remotename)%00%(upstream:remoteref) refs/heads/main refs/remotes/main [5ms]
2023-02-15 20:01:39.144 [info] > git for-each-ref --format=%(refname)%00%(upstream:short)%00%(objectname)%00%(upstream:track)%00%(upstream:remotename)%00%(upstream:remoteref) refs/heads/main refs/remotes/main [3ms]
2023-02-15 20:01:39.154 [info] > git status -z -uall [6ms]
2023-02-15 20:01:39.154 [info] > git for-each-ref --sort -committerdate --format %(refname) %(objectname) %(*objectname) [1ms]
2023-02-15 20:01:40.238 [info] > git ls-files --stage -- /home/meow/CONFiiG/archlinux/postinstall_script.sh [1ms]
2023-02-15 20:01:40.242 [info] > git cat-file -s c7c4c6664151ceb63711798358d82e54245b8dd8 [1ms]
2023-02-15 20:01:40.247 [info] > git show --textconv :archlinux/postinstall_script.sh [1ms]
2023-02-15 20:01:40.759 [info] > git log --oneline --cherry main...main@{upstream} -- [1ms]
2023-02-15 20:01:41.955 [info] > git ls-files --stage -- /home/meow/CONFiiG/archlinux/postinstall_script.sh [1ms]
2023-02-15 20:01:41.962 [info] > git cat-file -s c7c4c6664151ceb63711798358d82e54245b8dd8 [1ms]
2023-02-15 20:01:41.970 [info] > git show --textconv :archlinux/postinstall_script.sh [1ms]
2023-02-15 20:01:42.246 [info] > git pull --tags origin main [1483ms]
2023-02-15 20:01:42.246 [info] From github.com:nfauconn/CONFiiG
 * branch            main       -> FETCH_HEAD
2023-02-15 20:01:43.479 [info] > git ls-files --stage -- /home/meow/CONFiiG/archlinux/postinstall_script.sh [1ms]
2023-02-15 20:01:43.481 [info] > git cat-file -s c7c4c6664151ceb63711798358d82e54245b8dd8 [0ms]
2023-02-15 20:01:43.487 [info] > git show --textconv :archlinux/postinstall_script.sh [1ms]
2023-02-15 20:01:45.259 [info] > git push origin main:main [3007ms]
2023-02-15 20:01:45.259 [info] To github.com:nfauconn/CONFiiG.git
   57f8296..2b2e2bd  main -> main
2023-02-15 20:01:45.263 [info] > git config --get commit.template [0ms]
2023-02-15 20:01:45.266 [info] > git for-each-ref --format=%(refname)%00%(upstream:short)%00%(objectname)%00%(upstream:track)%00%(upstream:remotename)%00%(upstream:remoteref) refs/heads/main refs/remotes/main [1ms]
2023-02-15 20:01:45.274 [info] > git status -z -uall [3ms]
2023-02-15 20:01:45.275 [info] > git for-each-ref --sort -committerdate --format %(refname) %(objectname) %(*objectname) [2ms]
2023-02-15 20:01:45.364 [info] > git config --local branch.main.github-pr-owner-number [1ms]
2023-02-15 20:01:45.370 [info] > git config --get commit.template [3ms]
2023-02-15 20:01:45.371 [info] > git for-each-ref --format=%(refname)%00%(upstream:short)%00%(objectname)%00%(upstream:track)%00%(upstream:remotename)%00%(upstream:remoteref) refs/heads/main refs/remotes/main [1ms]
2023-02-15 20:01:45.377 [info] > git status -z -uall [4ms]
2023-02-15 20:01:45.378 [info] > git for-each-ref --sort -committerdate --format %(refname) %(objectname) %(*objectname) [2ms]
2023-02-15 20:01:46.449 [info] > git config --get commit.template [2ms]
2023-02-15 20:01:46.455 [info] > git for-each-ref --format=%(refname)%00%(upstream:short)%00%(objectname)%00%(upstream:track)%00%(upstream:remotename)%00%(upstream:remoteref) refs/heads/main refs/remotes/main [1ms]
2023-02-15 20:01:46.460 [info] > git status -z -uall [2ms]
2023-02-15 20:01:46.461 [info] > git for-each-ref --sort -committerdate --format %(refname) %(objectname) %(*objectname) [1ms]
2023-02-15 20:01:46.543 [info] > git ls-files --stage -- /home/meow/CONFiiG/archlinux/postinstall_script.sh [1ms]
2023-02-15 20:01:46.547 [info] > git cat-file -s c7c4c6664151ceb63711798358d82e54245b8dd8 [1ms]
2023-02-15 20:01:46.552 [info] > git show --textconv :archlinux/postinstall_script.sh [0ms]
2023-02-15 20:02:09.841 [info] > git config --get commit.template [1ms]
2023-02-15 20:02:09.851 [info] > git ls-files --stage -- /home/meow/CONFiiG/archlinux/postinstall_script.sh [7ms]
2023-02-15 20:02:09.854 [info] > git for-each-ref --format=%(refname)%00%(upstream:short)%00%(objectname)%00%(upstream:track)%00%(upstream:remotename)%00%(upstream:remoteref) refs/heads/main refs/remotes/main [4ms]
2023-02-15 20:02:09.861 [info] > git status -z -uall [4ms]
2023-02-15 20:02:09.862 [info] > git cat-file -s c7c4c6664151ceb63711798358d82e54245b8dd8 [9ms]
2023-02-15 20:02:09.863 [info] > git for-each-ref --sort -committerdate --format %(refname) %(objectname) %(*objectname) [2ms]
2023-02-15 20:02:09.870 [info] > git show --textconv :archlinux/postinstall_script.sh [1ms]
2023-02-15 20:02:28.320 [info] > git rev-parse --show-toplevel [1ms]
2023-02-15 20:02:28.320 [info] fatal: not a git repository (or any of the parent directories): .git
2023-02-15 20:02:28.359 [info] > git rev-parse --show-toplevel [1ms]
2023-02-15 20:02:28.359 [info] fatal: not a git repository (or any of the parent directories): .git
2023-02-15 20:02:28.586 [info] > git show --textconv :manjaro_i3/alacritty/alacritty.yml [6ms]
2023-02-15 20:02:28.588 [info] > git ls-files --stage -- /home/meow/CONFiiG/manjaro_i3/alacritty/alacritty.yml [3ms]
2023-02-15 20:02:28.591 [info] > git cat-file -s 4e9de637a602d41f1febb43be999cd83073ec950 [1ms]
2023-02-15 20:02:42.979 [info] > git rev-parse --show-toplevel [1ms]
2023-02-15 20:02:42.979 [info] fatal: not a git repository (or any of the parent directories): .git
2023-02-15 20:02:43.030 [info] > git rev-parse --show-toplevel [2ms]
2023-02-15 20:02:43.030 [info] fatal: not a git repository (or any of the parent directories): .git
2023-02-15 20:02:44.066 [info] > git config --get commit.template [2ms]
2023-02-15 20:02:44.073 [info] > git for-each-ref --format=%(refname)%00%(upstream:short)%00%(objectname)%00%(upstream:track)%00%(upstream:remotename)%00%(upstream:remoteref) refs/heads/main refs/remotes/main [1ms]
2023-02-15 20:02:44.084 [info] > git status -z -uall [6ms]
2023-02-15 20:02:44.086 [info] > git for-each-ref --sort -committerdate --format %(refname) %(objectname) %(*objectname) [3ms]
2023-02-15 20:02:45.121 [info] > git rev-parse --show-toplevel [2ms]
2023-02-15 20:02:45.121 [info] fatal: not a git repository (or any of the parent directories): .git
2023-02-15 20:02:45.174 [info] > git rev-parse --show-toplevel [1ms]
2023-02-15 20:02:45.174 [info] fatal: not a git repository (or any of the parent directories): .git
2023-02-15 20:02:45.390 [info] > git show --textconv :manjaro_i3/i3/config [6ms]
2023-02-15 20:02:45.390 [info] > git ls-files --stage -- /home/meow/CONFiiG/manjaro_i3/i3/config [0ms]
2023-02-15 20:02:45.393 [info] > git cat-file -s 70f388ecd2979a4ce4d2b0d84a8fd42f44434408 [1ms]
2023-02-15 20:03:54.081 [info] > git config --get commit.template [2ms]
2023-02-15 20:03:54.082 [info] > git for-each-ref --format=%(refname)%00%(upstream:short)%00%(objectname)%00%(upstream:track)%00%(upstream:remotename)%00%(upstream:remoteref) refs/heads/main refs/remotes/main [1ms]
2023-02-15 20:03:54.087 [info] > git status -z -uall [3ms]
2023-02-15 20:03:54.087 [info] > git for-each-ref --sort -committerdate --format %(refname) %(objectname) %(*objectname) [0ms]
2023-02-15 20:05:47.237 [info] > git config --local branch.main.github-pr-owner-number [1ms]
2023-02-15 20:05:47.244 [info] > git config --get commit.template [3ms]
2023-02-15 20:05:47.245 [info] > git for-each-ref --format=%(refname)%00%(upstream:short)%00%(objectname)%00%(upstream:track)%00%(upstream:remotename)%00%(upstream:remoteref) refs/heads/main refs/remotes/main [2ms]
2023-02-15 20:05:47.254 [info] > git status -z -uall [4ms]
2023-02-15 20:05:47.255 [info] > git for-each-ref --sort -committerdate --format %(refname) %(objectname) %(*objectname) [2ms]
2023-02-15 20:10:47.269 [info] > git config --local branch.main.github-pr-owner-number [2ms]
2023-02-15 20:10:47.277 [info] > git config --get commit.template [1ms]
2023-02-15 20:10:47.285 [info] > git for-each-ref --format=%(refname)%00%(upstream:short)%00%(objectname)%00%(upstream:track)%00%(upstream:remotename)%00%(upstream:remoteref) refs/heads/main refs/remotes/main [2ms]
2023-02-15 20:10:47.300 [info] > git status -z -uall [9ms]
2023-02-15 20:10:47.301 [info] > git for-each-ref --sort -committerdate --format %(refname) %(objectname) %(*objectname) [3ms]
2023-02-15 20:15:47.314 [info] > git config --local branch.main.github-pr-owner-number [1ms]
2023-02-15 20:15:47.321 [info] > git config --get commit.template [3ms]
2023-02-15 20:15:47.323 [info] > git for-each-ref --format=%(refname)%00%(upstream:short)%00%(objectname)%00%(upstream:track)%00%(upstream:remotename)%00%(upstream:remoteref) refs/heads/main refs/remotes/main [2ms]
2023-02-15 20:15:47.328 [info] > git status -z -uall [2ms]
2023-02-15 20:15:47.329 [info] > git for-each-ref --sort -committerdate --format %(refname) %(objectname) %(*objectname) [1ms]
2023-02-15 20:20:47.341 [info] > git config --local branch.main.github-pr-owner-number [2ms]
2023-02-15 20:20:47.357 [info] > git config --get commit.template [8ms]
2023-02-15 20:20:47.358 [info] > git for-each-ref --format=%(refname)%00%(upstream:short)%00%(objectname)%00%(upstream:track)%00%(upstream:remotename)%00%(upstream:remoteref) refs/heads/main refs/remotes/main [2ms]
2023-02-15 20:20:47.372 [info] > git status -z -uall [8ms]
2023-02-15 20:20:47.374 [info] > git for-each-ref --sort -committerdate --format %(refname) %(objectname) %(*objectname) [3ms]
