2023-02-14 19:11:06.925 [info] Log level: Info
2023-02-14 19:11:06.925 [info] Validating found git in: "git"
2023-02-14 19:11:06.925 [info] Using git "2.39.1" from "git"
2023-02-14 19:11:06.925 [info] > git rev-parse --show-toplevel [1ms]
2023-02-14 19:11:06.925 [info] > git rev-parse --git-dir --git-common-dir [2ms]
2023-02-14 19:11:06.925 [info] Open repository: /home/meow/CONFiiG
2023-02-14 19:11:06.925 [info] > git rev-parse --show-toplevel [5ms]
2023-02-14 19:11:06.925 [info] > git config --get commit.template [5ms]
2023-02-14 19:11:06.925 [info] > git rev-parse --show-toplevel [2ms]
2023-02-14 19:11:06.925 [info] > git rev-parse --show-toplevel [6ms]
2023-02-14 19:11:06.925 [info] > git for-each-ref --format=%(refname)%00%(upstream:short)%00%(objectname)%00%(upstream:track)%00%(upstream:remotename)%00%(upstream:remoteref) refs/heads/main refs/remotes/main [6ms]
2023-02-14 19:11:06.925 [info] > git status -z -uall [5ms]
2023-02-14 19:11:06.925 [info] > git rev-parse --show-toplevel [11ms]
2023-02-14 19:11:06.925 [info] > git for-each-ref --sort -committerdate --format %(refname) %(objectname) %(*objectname) [6ms]
2023-02-14 19:11:06.925 [info] > git rev-parse --show-toplevel [10ms]
2023-02-14 19:11:06.925 [info] > git config --get commit.template [6ms]
2023-02-14 19:11:06.925 [info] > git rev-parse --show-toplevel [1ms]
2023-02-14 19:11:06.925 [info] > git for-each-ref --format=%(refname)%00%(upstream:short)%00%(objectname)%00%(upstream:track)%00%(upstream:remotename)%00%(upstream:remoteref) refs/heads/main refs/remotes/main [1ms]
2023-02-14 19:11:06.925 [info] > git status -z -uall [6ms]
2023-02-14 19:11:06.925 [info] > git for-each-ref --sort -committerdate --format %(refname) %(objectname) %(*objectname) [1ms]
2023-02-14 19:11:07.053 [info] > git config --local branch.main.github-pr-owner-number [1ms]
2023-02-14 19:11:07.057 [info] > git config --get commit.template [1ms]
2023-02-14 19:11:07.061 [info] > git for-each-ref --format=%(refname)%00%(upstream:short)%00%(objectname)%00%(upstream:track)%00%(upstream:remotename)%00%(upstream:remoteref) refs/heads/main refs/remotes/main [0ms]
2023-02-14 19:11:07.068 [info] > git status -z -uall [4ms]
2023-02-14 19:11:07.068 [info] > git for-each-ref --sort -committerdate --format %(refname) %(objectname) %(*objectname) [1ms]
2023-02-14 19:11:07.276 [info] > git check-ignore -v -z --stdin [1ms]
2023-02-14 19:11:07.628 [info] > git ls-files --stage -- /home/meow/CONFiiG/archlinux/postinstall_script.sh [5ms]
2023-02-14 19:11:07.631 [info] > git show --textconv :archlinux/postinstall_script.sh [11ms]
2023-02-14 19:11:07.631 [info] > git show --textconv :manjaro_i3/neoconfig.sh [5ms]
2023-02-14 19:11:07.631 [info] > git cat-file -s c7c4c6664151ceb63711798358d82e54245b8dd8 [1ms]
2023-02-14 19:11:07.633 [info] > git ls-files --stage -- /home/meow/CONFiiG/manjaro_i3/neoconfig.sh [5ms]
2023-02-14 19:11:07.636 [info] > git cat-file -s 5fe82c9baa66e48e6080f6606046b6b06d7dfefd [1ms]
2023-02-14 19:11:10.254 [info] > git show --textconv :manjaro_i3/asci_color_palette.sh [4ms]
2023-02-14 19:11:10.254 [info] > git ls-files --stage -- /home/meow/CONFiiG/manjaro_i3/asci_color_palette.sh [1ms]
2023-02-14 19:11:10.257 [info] > git cat-file -s fb4ff7d3b98b4effba122a90abc2c8f47271d3a3 [1ms]
