[Info] /home/meow/.ssh/config: ENOENT: no such file or directory, open '/home/meow/.ssh/config'
[Info] Looking for git repository
[Info] Found 0 repositories during activation
[Info] Git repository found, initializing review manager and pr tree view.
[Info] Registering git provider
[Info] Review> Validate state in progress
[Info] Review> Validating state...
[Info] Found GitHub remote for folder /home/meow/CONFiiG
[Info] Repo state for file:///home/meow/CONFiiG changed.
[Info] Repo file:///home/meow/CONFiiG has already been setup.
[Info] Review> no matching pull request metadata found for current branch main
[Info] Review> no matching pull request metadata found on GitHub for current branch main
[Info] Review> Validate state in progress
[Info] Review> Validating state...
[Info] Found GitHub remote for folder /home/meow/CONFiiG
[Info] Review> no matching pull request metadata found for current branch main
[Info] Review> no matching pull request metadata found on GitHub for current branch main
[Info] Review> Validate state in progress
[Info] Review> Validating state...
[Info] Found GitHub remote for folder /home/meow/CONFiiG
[Info] Review> no matching pull request metadata found for current branch main
[Info] Review> no matching pull request metadata found on GitHub for current branch main
