2023-02-14 13:46:18.834 [info] Started initializing default profile extensions in extensions installation folder. file:///home/meow/.vscode/extensions
2023-02-14 13:46:19.054 [warning] Failed to create default profile extensions manifest in extensions installation folder. file:///home/meow/.vscode/extensions Unable to create file 'vscode-userdata:/home/meow/.vscode/extensions/extensions.json' that already exists when overwrite flag is not set
2023-02-14 13:46:19.054 [info] Completed initializing default profile extensions in extensions installation folder. file:///home/meow/.vscode/extensions
2023-02-14 13:46:19.091 [info] Starting worker process with pid 13590 (type: fileWatcher, window: 1).
2023-02-14 13:47:36.610 [info] Getting Manifest... huacat.pink-theme
2023-02-14 13:47:37.485 [info] Installing extension: huacat.pink-theme
2023-02-14 13:47:37.485 [info] Installing the extension without checking dependencies and pack huacat.pink-theme
2023-02-14 13:47:39.573 [warning] Extension signature verification: huacat.pink-theme. Verification status: UnknownError.
2023-02-14 13:47:39.600 [info] Extracted extension to /home/meow/.vscode/extensions/.ebb376f1-755b-4e18-a9dd-1787e6a36d3f: huacat.pink-theme
2023-02-14 13:47:39.607 [info] Renamed to /home/meow/.vscode/extensions/huacat.pink-theme-0.4.1
2023-02-14 13:47:39.608 [info] Extracting completed. huacat.pink-theme
2023-02-14 13:47:39.619 [info] Extension installed successfully: huacat.pink-theme
2023-02-14 13:47:39.620 [info] Getting Manifest... mel-brown.deep-purple
2023-02-14 13:47:40.437 [info] Installing extension: mel-brown.deep-purple
2023-02-14 13:47:40.437 [info] Installing the extension without checking dependencies and pack mel-brown.deep-purple
2023-02-14 13:47:43.292 [warning] Extension signature verification: mel-brown.deep-purple. Verification status: UnknownError.
2023-02-14 13:47:43.310 [info] Extracted extension to /home/meow/.vscode/extensions/.ddc3fb6a-4b8e-4aca-8b7b-618e15ae32e3: mel-brown.deep-purple
2023-02-14 13:47:43.315 [info] Renamed to /home/meow/.vscode/extensions/mel-brown.deep-purple-0.2.2
2023-02-14 13:47:43.318 [info] Extracting completed. mel-brown.deep-purple
2023-02-14 13:47:43.329 [info] Extension installed successfully: mel-brown.deep-purple
2023-02-14 13:47:43.332 [info] Getting Manifest... mariusvanwijk-joppekoers.codam-norminette-3
2023-02-14 13:47:44.059 [info] Installing extension: mariusvanwijk-joppekoers.codam-norminette-3
2023-02-14 13:47:44.060 [info] Installing the extension without checking dependencies and pack mariusvanwijk-joppekoers.codam-norminette-3
2023-02-14 13:47:45.576 [info] Extracted extension to /home/meow/.vscode/extensions/.77a32a4c-4a44-40da-af64-155a8e1ae6bf: mariusvanwijk-joppekoers.codam-norminette-3
2023-02-14 13:47:45.582 [info] Renamed to /home/meow/.vscode/extensions/mariusvanwijk-joppekoers.codam-norminette-3-4.5.3
2023-02-14 13:47:45.584 [info] Extracting completed. mariusvanwijk-joppekoers.codam-norminette-3
2023-02-14 13:47:45.593 [info] Extension installed successfully: mariusvanwijk-joppekoers.codam-norminette-3
2023-02-14 13:47:45.594 [info] Getting Manifest... lucasfonte.nightmare
2023-02-14 13:47:46.326 [info] Installing extension: lucasfonte.nightmare
2023-02-14 13:47:46.326 [info] Installing the extension without checking dependencies and pack lucasfonte.nightmare
2023-02-14 13:47:50.039 [warning] Extension signature verification: lucasfonte.nightmare. Verification status: UnknownError.
2023-02-14 13:47:50.094 [info] Extracted extension to /home/meow/.vscode/extensions/.4b008f8e-e911-41c6-98d6-36c94dce432e: lucasfonte.nightmare
2023-02-14 13:47:50.101 [info] Renamed to /home/meow/.vscode/extensions/lucasfonte.nightmare-0.0.4
2023-02-14 13:47:50.103 [info] Extracting completed. lucasfonte.nightmare
2023-02-14 13:47:50.111 [info] Extension installed successfully: lucasfonte.nightmare
2023-02-14 13:47:50.113 [info] Getting Manifest... uloco.theme-bluloco-light
2023-02-14 13:47:50.983 [info] Installing extension: uloco.theme-bluloco-light
2023-02-14 13:47:50.984 [info] Installing the extension without checking dependencies and pack uloco.theme-bluloco-light
2023-02-14 13:47:53.300 [warning] Extension signature verification: uloco.theme-bluloco-light. Verification status: UnknownError.
2023-02-14 13:47:53.419 [info] Extracted extension to /home/meow/.vscode/extensions/.774d877c-189e-4870-a662-f00a693f47d3: uloco.theme-bluloco-light
2023-02-14 13:47:53.433 [info] Renamed to /home/meow/.vscode/extensions/uloco.theme-bluloco-light-3.7.3
2023-02-14 13:47:53.435 [info] Extracting completed. uloco.theme-bluloco-light
2023-02-14 13:47:53.444 [info] Extension installed successfully: uloco.theme-bluloco-light
2023-02-14 13:47:53.445 [info] Getting Manifest... miqh.core-theme
2023-02-14 13:47:54.366 [info] Installing extension: miqh.core-theme
2023-02-14 13:47:54.367 [info] Installing the extension without checking dependencies and pack miqh.core-theme
2023-02-14 13:47:56.669 [warning] Extension signature verification: miqh.core-theme. Verification status: UnknownError.
2023-02-14 13:47:56.708 [info] Extracted extension to /home/meow/.vscode/extensions/.a28573c2-6f37-42ab-bee9-07b980493116: miqh.core-theme
2023-02-14 13:47:56.716 [info] Renamed to /home/meow/.vscode/extensions/miqh.core-theme-0.5.0
2023-02-14 13:47:56.718 [info] Extracting completed. miqh.core-theme
2023-02-14 13:47:56.730 [info] Extension installed successfully: miqh.core-theme
2023-02-14 13:47:56.732 [info] Getting Manifest... github.vscode-pull-request-github
2023-02-14 13:47:58.074 [info] Installing extension: github.vscode-pull-request-github
2023-02-14 13:47:58.074 [info] Installing the extension without checking dependencies and pack github.vscode-pull-request-github
2023-02-14 13:48:00.331 [warning] Extension signature verification: github.vscode-pull-request-github. Verification status: UnknownError.
2023-02-14 13:48:00.435 [info] Extracted extension to /home/meow/.vscode/extensions/.42be78b7-c8a1-4e87-8b97-e18db6a00dc3: github.vscode-pull-request-github
2023-02-14 13:48:00.451 [info] Renamed to /home/meow/.vscode/extensions/github.vscode-pull-request-github-0.58.1
2023-02-14 13:48:00.458 [info] Extracting completed. github.vscode-pull-request-github
2023-02-14 13:48:00.468 [info] Extension installed successfully: github.vscode-pull-request-github
2023-02-14 13:48:00.468 [info] Getting Manifest... andenetalexander.vim-cheatsheet
2023-02-14 13:48:01.176 [info] Installing extension: andenetalexander.vim-cheatsheet
2023-02-14 13:48:01.176 [info] Installing the extension without checking dependencies and pack andenetalexander.vim-cheatsheet
2023-02-14 13:48:02.707 [info] Extracted extension to /home/meow/.vscode/extensions/.29480695-7591-47bb-8763-fe33da28439f: andenetalexander.vim-cheatsheet
2023-02-14 13:48:02.713 [info] Renamed to /home/meow/.vscode/extensions/andenetalexander.vim-cheatsheet-0.0.1
2023-02-14 13:48:02.714 [info] Extracting completed. andenetalexander.vim-cheatsheet
2023-02-14 13:48:02.728 [info] Extension installed successfully: andenetalexander.vim-cheatsheet
2023-02-14 13:48:02.729 [info] Getting Manifest... kendama1980.graygraygray
2023-02-14 13:48:03.497 [info] Installing extension: kendama1980.graygraygray
2023-02-14 13:48:03.498 [info] Installing the extension without checking dependencies and pack kendama1980.graygraygray
2023-02-14 13:48:06.128 [warning] Extension signature verification: kendama1980.graygraygray. Verification status: UnknownError.
2023-02-14 13:48:06.146 [info] Extracted extension to /home/meow/.vscode/extensions/.d074af9d-6efe-428c-bdff-87078df29cb2: kendama1980.graygraygray
2023-02-14 13:48:06.153 [info] Renamed to /home/meow/.vscode/extensions/kendama1980.graygraygray-0.0.1
2023-02-14 13:48:06.157 [info] Extracting completed. kendama1980.graygraygray
2023-02-14 13:48:06.175 [info] Extension installed successfully: kendama1980.graygraygray
2023-02-14 13:48:06.176 [info] Getting Manifest... peymanslh.blueberry-dark-theme
2023-02-14 13:48:07.062 [info] Installing extension: peymanslh.blueberry-dark-theme
2023-02-14 13:48:07.062 [info] Installing the extension without checking dependencies and pack peymanslh.blueberry-dark-theme
2023-02-14 13:48:08.006 [info] Extracted extension to /home/meow/.vscode/extensions/.10c1a0be-43d4-4971-abe8-5d39331d8da0: peymanslh.blueberry-dark-theme
2023-02-14 13:48:08.011 [info] Renamed to /home/meow/.vscode/extensions/peymanslh.blueberry-dark-theme-1.1.1
2023-02-14 13:48:08.012 [info] Extracting completed. peymanslh.blueberry-dark-theme
2023-02-14 13:48:08.021 [info] Extension installed successfully: peymanslh.blueberry-dark-theme
2023-02-14 13:48:08.022 [info] Getting Manifest... jebbs.plantuml
2023-02-14 13:48:08.780 [info] Installing extension: jebbs.plantuml
2023-02-14 13:48:08.780 [info] Installing the extension without checking dependencies and pack jebbs.plantuml
2023-02-14 13:48:12.018 [warning] Extension signature verification: jebbs.plantuml. Verification status: UnknownError.
2023-02-14 13:48:12.217 [info] Extracted extension to /home/meow/.vscode/extensions/.384e3e92-031b-4df7-b10d-e94493e3b8be: jebbs.plantuml
2023-02-14 13:48:12.230 [info] Renamed to /home/meow/.vscode/extensions/jebbs.plantuml-2.17.5
2023-02-14 13:48:12.233 [info] Extracting completed. jebbs.plantuml
2023-02-14 13:48:12.244 [info] Extension installed successfully: jebbs.plantuml
2023-02-14 13:48:12.244 [info] Getting Manifest... danielsanmedium.dscodegpt
2023-02-14 13:48:13.113 [info] Installing extension: danielsanmedium.dscodegpt
2023-02-14 13:48:13.114 [info] Installing the extension without checking dependencies and pack danielsanmedium.dscodegpt
2023-02-14 13:48:15.501 [warning] Extension signature verification: danielsanmedium.dscodegpt. Verification status: UnknownError.
2023-02-14 13:48:15.797 [info] Extracted extension to /home/meow/.vscode/extensions/.cb14a0fc-3ecc-4c9e-98e4-0d77ed17a13a: danielsanmedium.dscodegpt
2023-02-14 13:48:15.810 [info] Renamed to /home/meow/.vscode/extensions/danielsanmedium.dscodegpt-1.0.15
2023-02-14 13:48:15.812 [info] Extracting completed. danielsanmedium.dscodegpt
2023-02-14 13:48:15.822 [info] Extension installed successfully: danielsanmedium.dscodegpt
2023-02-14 13:48:15.823 [info] Getting Manifest... akamud.vscode-theme-onedark
2023-02-14 13:48:16.696 [info] Installing extension: akamud.vscode-theme-onedark
2023-02-14 13:48:16.696 [info] Installing the extension without checking dependencies and pack akamud.vscode-theme-onedark
2023-02-14 13:48:18.055 [info] Extracted extension to /home/meow/.vscode/extensions/.578e8e80-f3f4-48c6-9ab0-e7c97d2b1172: akamud.vscode-theme-onedark
2023-02-14 13:48:18.060 [info] Renamed to /home/meow/.vscode/extensions/akamud.vscode-theme-onedark-2.3.0
2023-02-14 13:48:18.064 [info] Extracting completed. akamud.vscode-theme-onedark
2023-02-14 13:48:18.075 [info] Extension installed successfully: akamud.vscode-theme-onedark
2023-02-14 13:48:18.077 [info] Getting Manifest... ymaninho.theme-purple-codain
2023-02-14 13:48:19.144 [info] Installing extension: ymaninho.theme-purple-codain
2023-02-14 13:48:19.145 [info] Installing the extension without checking dependencies and pack ymaninho.theme-purple-codain
2023-02-14 13:48:20.932 [info] Extracted extension to /home/meow/.vscode/extensions/.c737c345-37a2-4062-899e-c265b4d229ea: ymaninho.theme-purple-codain
2023-02-14 13:48:20.937 [info] Renamed to /home/meow/.vscode/extensions/ymaninho.theme-purple-codain-0.0.6
2023-02-14 13:48:20.938 [info] Extracting completed. ymaninho.theme-purple-codain
2023-02-14 13:48:20.948 [info] Extension installed successfully: ymaninho.theme-purple-codain
2023-02-14 13:48:20.948 [info] Getting Manifest... gtxn.purple-glass
2023-02-14 13:48:21.812 [info] Installing extension: gtxn.purple-glass
2023-02-14 13:48:21.813 [info] Installing the extension without checking dependencies and pack gtxn.purple-glass
2023-02-14 13:48:23.804 [info] Extracted extension to /home/meow/.vscode/extensions/.62969a59-e1ba-4ad9-8a85-c71b1b7063ee: gtxn.purple-glass
2023-02-14 13:48:23.809 [info] Renamed to /home/meow/.vscode/extensions/gtxn.purple-glass-0.0.6
2023-02-14 13:48:23.810 [info] Extracting completed. gtxn.purple-glass
2023-02-14 13:48:23.823 [info] Extension installed successfully: gtxn.purple-glass
2023-02-14 13:48:23.824 [info] Getting Manifest... max-ss.cyberpunk
2023-02-14 13:48:24.534 [info] Installing extension: max-ss.cyberpunk
2023-02-14 13:48:24.534 [info] Installing the extension without checking dependencies and pack max-ss.cyberpunk
2023-02-14 13:48:26.691 [info] Extracted extension to /home/meow/.vscode/extensions/.69a4a006-1ddd-4e63-80fd-9bdaf294150b: max-ss.cyberpunk
2023-02-14 13:48:26.704 [info] Renamed to /home/meow/.vscode/extensions/max-ss.cyberpunk-1.2.14
2023-02-14 13:48:26.707 [info] Extracting completed. max-ss.cyberpunk
2023-02-14 13:48:26.717 [info] Extension installed successfully: max-ss.cyberpunk
2023-02-14 13:48:26.718 [info] Getting Manifest... ms-vscode.cpptools-extension-pack
2023-02-14 13:48:27.534 [info] Installing extension: ms-vscode.cpptools-extension-pack
2023-02-14 13:48:27.534 [info] Installing the extension without checking dependencies and pack ms-vscode.cpptools-extension-pack
2023-02-14 13:48:29.029 [info] Extracted extension to /home/meow/.vscode/extensions/.be4ffc50-b57c-4125-a932-c743fc85259a: ms-vscode.cpptools-extension-pack
2023-02-14 13:48:29.034 [info] Renamed to /home/meow/.vscode/extensions/ms-vscode.cpptools-extension-pack-1.3.0
2023-02-14 13:48:29.036 [info] Extracting completed. ms-vscode.cpptools-extension-pack
2023-02-14 13:48:29.047 [info] Extension installed successfully: ms-vscode.cpptools-extension-pack
2023-02-14 13:48:29.049 [info] Getting Manifest... ms-vscode.makefile-tools
2023-02-14 13:48:29.803 [info] Installing extension: ms-vscode.makefile-tools
2023-02-14 13:48:29.803 [info] Installing the extension without checking dependencies and pack ms-vscode.makefile-tools
2023-02-14 13:48:32.260 [info] Extracted extension to /home/meow/.vscode/extensions/.80d1b6e6-da6e-427a-aefe-1f4794cf41fa: ms-vscode.makefile-tools
2023-02-14 13:48:32.274 [info] Renamed to /home/meow/.vscode/extensions/ms-vscode.makefile-tools-0.6.0
2023-02-14 13:48:32.276 [info] Extracting completed. ms-vscode.makefile-tools
2023-02-14 13:48:32.286 [info] Extension installed successfully: ms-vscode.makefile-tools
2023-02-14 13:48:32.286 [info] Getting Manifest... pajdziu.trailingwhitespacehighlighter
2023-02-14 13:48:33.135 [info] Installing extension: pajdziu.trailingwhitespacehighlighter
2023-02-14 13:48:33.135 [info] Installing the extension without checking dependencies and pack pajdziu.trailingwhitespacehighlighter
2023-02-14 13:48:35.518 [warning] Extension signature verification: pajdziu.trailingwhitespacehighlighter. Verification status: UnknownError.
2023-02-14 13:48:35.529 [info] Extracted extension to /home/meow/.vscode/extensions/.d4f0fae3-3c4b-437f-ba8d-7a2cb3e04a9f: pajdziu.trailingwhitespacehighlighter
2023-02-14 13:48:35.537 [info] Renamed to /home/meow/.vscode/extensions/pajdziu.trailingwhitespacehighlighter-0.0.2
2023-02-14 13:48:35.538 [info] Extracting completed. pajdziu.trailingwhitespacehighlighter
2023-02-14 13:48:35.548 [info] Extension installed successfully: pajdziu.trailingwhitespacehighlighter
2023-02-14 13:48:35.549 [info] Getting Manifest... rothecoder.spooky-scary-color-theme
2023-02-14 13:48:36.354 [info] Installing extension: rothecoder.spooky-scary-color-theme
2023-02-14 13:48:36.354 [info] Installing the extension without checking dependencies and pack rothecoder.spooky-scary-color-theme
2023-02-14 13:48:38.517 [info] Extracted extension to /home/meow/.vscode/extensions/.98ac5804-e1b9-4b10-8323-4127a5930c6f: rothecoder.spooky-scary-color-theme
2023-02-14 13:48:38.524 [info] Renamed to /home/meow/.vscode/extensions/rothecoder.spooky-scary-color-theme-0.0.12
2023-02-14 13:48:38.526 [info] Extracting completed. rothecoder.spooky-scary-color-theme
2023-02-14 13:48:38.540 [info] Extension installed successfully: rothecoder.spooky-scary-color-theme
2023-02-14 13:48:38.541 [info] Getting Manifest... selfrefactor.niketa-theme
2023-02-14 13:48:39.315 [info] Installing extension: selfrefactor.niketa-theme
2023-02-14 13:48:39.315 [info] Installing the extension without checking dependencies and pack selfrefactor.niketa-theme
2023-02-14 13:48:41.531 [warning] Extension signature verification: selfrefactor.niketa-theme. Verification status: UnknownError.
2023-02-14 13:48:41.584 [info] Extracted extension to /home/meow/.vscode/extensions/.a0242190-3518-4e7c-b88e-be746b4d73e4: selfrefactor.niketa-theme
2023-02-14 13:48:41.591 [info] Renamed to /home/meow/.vscode/extensions/selfrefactor.niketa-theme-10.18.0
2023-02-14 13:48:41.593 [info] Extracting completed. selfrefactor.niketa-theme
2023-02-14 13:48:41.606 [info] Extension installed successfully: selfrefactor.niketa-theme
2023-02-14 13:48:41.607 [info] Getting Manifest... ms-vscode.cpptools
2023-02-14 13:48:42.403 [info] Installing extension: ms-vscode.cpptools
2023-02-14 13:48:42.404 [info] Installing the extension without checking dependencies and pack ms-vscode.cpptools
2023-02-14 13:48:54.627 [warning] Extension signature verification: ms-vscode.cpptools. Verification status: UnknownError.
2023-02-14 13:48:56.721 [info] Extracted extension to /home/meow/.vscode/extensions/.98769489-99af-405b-9a49-a18b63d1d4cc: ms-vscode.cpptools
2023-02-14 13:48:56.735 [info] Renamed to /home/meow/.vscode/extensions/ms-vscode.cpptools-1.13.9-linux-x64
2023-02-14 13:48:56.744 [info] Extracting completed. ms-vscode.cpptools
2023-02-14 13:48:56.754 [info] Extension installed successfully: ms-vscode.cpptools
2023-02-14 13:48:56.755 [info] Getting Manifest... vscodevim.vim
2023-02-14 13:48:57.564 [info] Installing extension: vscodevim.vim
2023-02-14 13:48:57.564 [info] Installing the extension without checking dependencies and pack vscodevim.vim
2023-02-14 13:48:59.145 [info] Extracted extension to /home/meow/.vscode/extensions/.69026cda-86fb-4f7e-b470-0867473b80bb: vscodevim.vim
2023-02-14 13:48:59.152 [info] Renamed to /home/meow/.vscode/extensions/vscodevim.vim-1.24.3
2023-02-14 13:48:59.155 [info] Extracting completed. vscodevim.vim
2023-02-14 13:48:59.165 [info] Extension installed successfully: vscodevim.vim
2023-02-14 13:48:59.166 [info] Getting Manifest... akamud.vscode-theme-onelight
2023-02-14 13:48:59.905 [info] Installing extension: akamud.vscode-theme-onelight
2023-02-14 13:48:59.905 [info] Installing the extension without checking dependencies and pack akamud.vscode-theme-onelight
2023-02-14 13:49:01.163 [info] Extracted extension to /home/meow/.vscode/extensions/.b50a85c8-b492-4bfb-9193-1076b5b57e78: akamud.vscode-theme-onelight
2023-02-14 13:49:01.168 [info] Renamed to /home/meow/.vscode/extensions/akamud.vscode-theme-onelight-2.3.0
2023-02-14 13:49:01.170 [info] Extracting completed. akamud.vscode-theme-onelight
2023-02-14 13:49:01.182 [info] Extension installed successfully: akamud.vscode-theme-onelight
2023-02-14 13:49:01.183 [info] Getting Manifest... klyap.vscode-celestial-magic-girl-icon-theme
2023-02-14 13:49:02.052 [info] Installing extension: klyap.vscode-celestial-magic-girl-icon-theme
2023-02-14 13:49:02.052 [info] Installing the extension without checking dependencies and pack klyap.vscode-celestial-magic-girl-icon-theme
2023-02-14 13:49:05.036 [info] Extracted extension to /home/meow/.vscode/extensions/.0a4d8ded-d6b5-4580-9cbf-c03f8d5170a2: klyap.vscode-celestial-magic-girl-icon-theme
2023-02-14 13:49:05.051 [info] Renamed to /home/meow/.vscode/extensions/klyap.vscode-celestial-magic-girl-icon-theme-0.0.4
2023-02-14 13:49:05.052 [info] Extracting completed. klyap.vscode-celestial-magic-girl-icon-theme
2023-02-14 13:49:05.063 [info] Extension installed successfully: klyap.vscode-celestial-magic-girl-icon-theme
2023-02-14 13:49:05.064 [info] Getting Manifest... s-nlf-fh.glassit
2023-02-14 13:49:05.828 [info] Installing extension: s-nlf-fh.glassit
2023-02-14 13:49:05.828 [info] Installing the extension without checking dependencies and pack s-nlf-fh.glassit
2023-02-14 13:49:08.236 [warning] Extension signature verification: s-nlf-fh.glassit. Verification status: UnknownError.
2023-02-14 13:49:08.329 [info] Extracted extension to /home/meow/.vscode/extensions/.6802d9d9-5d43-41ae-80cb-4a10a031790e: s-nlf-fh.glassit
2023-02-14 13:49:08.343 [info] Renamed to /home/meow/.vscode/extensions/s-nlf-fh.glassit-0.2.5
2023-02-14 13:49:08.345 [info] Extracting completed. s-nlf-fh.glassit
2023-02-14 13:49:08.371 [info] Extension installed successfully: s-nlf-fh.glassit
2023-02-14 13:49:08.373 [info] Getting Manifest... techwithcarlos.cyberpunk-2021
2023-02-14 13:49:09.244 [info] Installing extension: techwithcarlos.cyberpunk-2021
2023-02-14 13:49:09.245 [info] Installing the extension without checking dependencies and pack techwithcarlos.cyberpunk-2021
2023-02-14 13:49:11.786 [warning] Extension signature verification: techwithcarlos.cyberpunk-2021. Verification status: UnknownError.
2023-02-14 13:49:11.842 [info] Extracted extension to /home/meow/.vscode/extensions/.3314c5c6-1c5c-4725-a959-2b05b6e088bd: techwithcarlos.cyberpunk-2021
2023-02-14 13:49:11.851 [info] Renamed to /home/meow/.vscode/extensions/techwithcarlos.cyberpunk-2021-1.0.0
2023-02-14 13:49:11.854 [info] Extracting completed. techwithcarlos.cyberpunk-2021
2023-02-14 13:49:11.869 [info] Extension installed successfully: techwithcarlos.cyberpunk-2021
2023-02-14 13:49:11.871 [info] Getting Manifest... dracula-theme.theme-dracula
2023-02-14 13:49:12.711 [info] Installing extension: dracula-theme.theme-dracula
2023-02-14 13:49:12.711 [info] Installing the extension without checking dependencies and pack dracula-theme.theme-dracula
2023-02-14 13:49:14.402 [info] Extracted extension to /home/meow/.vscode/extensions/.ee3b1862-3d8b-4d3c-8898-a866f83f804e: dracula-theme.theme-dracula
2023-02-14 13:49:14.411 [info] Renamed to /home/meow/.vscode/extensions/dracula-theme.theme-dracula-2.24.2
2023-02-14 13:49:14.413 [info] Extracting completed. dracula-theme.theme-dracula
2023-02-14 13:49:14.428 [info] Extension installed successfully: dracula-theme.theme-dracula
2023-02-14 13:49:14.429 [info] Getting Manifest... tycronin.eva-01-theme
2023-02-14 13:49:15.363 [info] Installing extension: tycronin.eva-01-theme
2023-02-14 13:49:15.363 [info] Installing the extension without checking dependencies and pack tycronin.eva-01-theme
2023-02-14 13:49:16.661 [info] Extracted extension to /home/meow/.vscode/extensions/.576d7b2e-199f-43d4-b482-bd326dda9ab1: tycronin.eva-01-theme
2023-02-14 13:49:16.667 [info] Renamed to /home/meow/.vscode/extensions/tycronin.eva-01-theme-1.0.0
2023-02-14 13:49:16.669 [info] Extracting completed. tycronin.eva-01-theme
2023-02-14 13:49:16.684 [info] Extension installed successfully: tycronin.eva-01-theme
2023-02-14 13:49:16.685 [info] Getting Manifest... bytemore.mecha-01
2023-02-14 13:49:17.546 [info] Installing extension: bytemore.mecha-01
2023-02-14 13:49:17.547 [info] Installing the extension without checking dependencies and pack bytemore.mecha-01
2023-02-14 13:49:18.910 [info] Extracted extension to /home/meow/.vscode/extensions/.8e8091a8-3d29-4391-8b0b-457cd780b502: bytemore.mecha-01
2023-02-14 13:49:18.918 [info] Renamed to /home/meow/.vscode/extensions/bytemore.mecha-01-0.12.0
2023-02-14 13:49:18.922 [info] Extracting completed. bytemore.mecha-01
2023-02-14 13:49:18.938 [info] Extension installed successfully: bytemore.mecha-01
2023-02-14 13:49:18.940 [info] Getting Manifest... nowsci.glassit-linux
2023-02-14 13:49:19.777 [info] Installing extension: nowsci.glassit-linux
2023-02-14 13:49:19.778 [info] Installing the extension without checking dependencies and pack nowsci.glassit-linux
2023-02-14 13:49:21.833 [warning] Extension signature verification: nowsci.glassit-linux. Verification status: UnknownError.
2023-02-14 13:49:21.846 [info] Extracted extension to /home/meow/.vscode/extensions/.a7d96e8a-4a3d-4988-9e40-53420f488da1: nowsci.glassit-linux
2023-02-14 13:49:21.852 [info] Renamed to /home/meow/.vscode/extensions/nowsci.glassit-linux-1.0.0
2023-02-14 13:49:21.854 [info] Extracting completed. nowsci.glassit-linux
2023-02-14 13:49:21.870 [info] Extension installed successfully: nowsci.glassit-linux
2023-02-14 13:49:21.871 [info] Getting Manifest... ryanolsonx.solarized
2023-02-14 13:49:22.796 [info] Installing extension: ryanolsonx.solarized
2023-02-14 13:49:22.797 [info] Installing the extension without checking dependencies and pack ryanolsonx.solarized
2023-02-14 13:49:24.278 [info] Extracted extension to /home/meow/.vscode/extensions/.03bccd8d-ddfc-43b9-a6f5-bb6e624c1358: ryanolsonx.solarized
2023-02-14 13:49:24.285 [info] Renamed to /home/meow/.vscode/extensions/ryanolsonx.solarized-2.1.0
2023-02-14 13:49:24.288 [info] Extracting completed. ryanolsonx.solarized
2023-02-14 13:49:24.308 [info] Extension installed successfully: ryanolsonx.solarized
2023-02-14 14:20:57.337 [warning] No ptyHost heartbeat after 6 seconds
2023-02-14 15:17:50.309 [info] Starting worker process with pid 17928 (type: fileWatcher, window: 3).
2023-02-14 15:44:35.321 [warning] No ptyHost heartbeat after 6 seconds
2023-02-14 15:45:47.299 [warning] No ptyHost heartbeat after 6 seconds
2023-02-14 17:37:04.321 [warning] No ptyHost heartbeat after 6 seconds
2023-02-14 17:37:36.310 [warning] No ptyHost heartbeat after 6 seconds
2023-02-14 18:05:01.283 [warning] No ptyHost heartbeat after 6 seconds
2023-02-14 18:06:24.415 [info] Worker process with pid 17928 terminated normally (type: fileWatcher, window: 3).
