2023-02-14 13:46:18.778 [info] Using settings sync service https://vscode-sync.trafficmanager.net/
2023-02-14 13:46:18.778 [info] Auto Sync is disabled.
2023-02-14 13:47:33.148 [info] Sync started.
2023-02-14 13:47:33.656 [info] Did reset the local sync state.
2023-02-14 13:47:33.681 [info] Settings: Last sync data state does not exist.
2023-02-14 13:47:33.865 [info] Settings: Last sync data state does not exist.
2023-02-14 13:47:33.917 [info] GlobalState: Last sync data state does not exist.
2023-02-14 13:47:34.119 [info] Keybindings: Last sync data state does not exist.
2023-02-14 13:47:34.344 [info] Snippets: Last sync data state does not exist.
2023-02-14 13:47:34.485 [info] Tasks: Last sync data state does not exist.
2023-02-14 13:47:34.641 [info] GlobalState: Last sync data state does not exist.
2023-02-14 13:47:34.847 [info] Extensions: Last sync data state does not exist.
2023-02-14 13:47:35.149 [info] Profiles: Last sync data state does not exist.
2023-02-14 13:47:35.279 [info] Profiles: Last sync data state does not exist.
2023-02-14 13:47:35.294 [info] Settings: Updated local settings
2023-02-14 13:47:35.305 [info] Settings: Updated last synchronized settings
2023-02-14 13:47:35.317 [info] Keybindings: Updated local keybindings
2023-02-14 13:47:35.326 [info] Keybindings: Updated last synchronized keybindings
2023-02-14 13:47:35.328 [info] Snippets: No changes found during synchronizing snippets.
2023-02-14 13:47:35.337 [info] Snippets: Updated last synchronized snippets
2023-02-14 13:47:35.346 [info] Tasks: Updated local tasks
2023-02-14 13:47:35.355 [info] Tasks: Updated last synchronized tasks
2023-02-14 13:47:35.373 [info] GlobalState: Updated global state ["workbench.panel.markers.hidden","workbench.panel.output.hidden","terminal.hidden","workbench.scm.views.state.hidden","workbench.view.search.state.hidden","workbench.activity.pinnedViewlets2","workbench.statusbar.hidden","workbench.view.debug.state.hidden","nps/lastSessionDate","nps/sessionCount","workbench.telemetryOptOutShown","workbench.panel.alignment","colorThemeData","workbench.panel.pinnedPanels","workbench.view.extensions.state.hidden","fileBasedRecommendations/promptedRecommendations","workbench.view.remote.state.hidden","ces/skipSurvey","cpp.1.editedCount","cpp.1.editedDate","cpp.1.lastSessionDate","cpp.1.sessionCount","java.2.lastSessionDate","java.2.sessionCount","javascript.1.lastSessionDate","javascript.1.sessionCount","typescript.1.lastSessionDate","typescript.1.sessionCount","ces/remindLaterDate","commandPalette.mru.cache","commandPalette.mru.counter","cpp.1.isCandidate","cpp.1.skipVersion","extensionTips/promptedExecutableTips","extensionsAssistant/importantRecommendationsIgnore","extensionsAssistant/languagePackSuggestionIgnore","fileBasedRecommendations/promptedFileExtensions","github-nfauconn","ignoreShellEnvSlowWarning","nps/isCandidate","nps/skipVersion","tabs-list-width-horizontal","terminal.integrated.showTerminalConfigPrompt","workbench.activityBar.hidden","workbench.sideBar.position","workbench.statusBar.hidden","workbench.view.extension.github-pull-request.state.hidden","workbench.view.extension.github-pull-requests.state.hidden","workbench.view.extension.references-view.state.hidden","workbench.view.sync.state.hidden","workbench.welcomePage.hiddenCategories","workbench.view.extension.makefile__viewContainer.state.hidden","memento/workbench.editor.keybindings","workbench.view.extension.learn-vim-container.state.hidden","views.customizations","workbench.panel.repl.hidden","settingsEditor2.splitViewWidth","expandSuggestionDocs","workbench.view.extension.liveshare.state.hidden","Comments.hidden","workbench.explorer.views.state.hidden","memento/gettingStartedService","workbench.welcomePage.walkthroughMetadata"]
2023-02-14 13:47:35.374 [info] GlobalState: Updated local ui state
2023-02-14 13:47:35.383 [info] GlobalState: Updated last synchronized ui state
2023-02-14 13:47:36.076 [info] Extensions: Disabled extension mariusvanwijk-joppekoers.codam-norminette-3 4.5.3
2023-02-14 13:47:36.332 [info] Extensions: Last sync data state does not exist.
2023-02-14 13:47:36.416 [info] Extensions: Disabled extension pajdziu.trailingwhitespacehighlighter 0.0.2
2023-02-14 13:47:36.437 [info] Extensions: Disabled extension klyap.vscode-celestial-magic-girl-icon-theme 0.0.4
2023-02-14 13:47:36.608 [info] Extensions: Disabled extension ryanolsonx.solarized 2.1.0
2023-02-14 13:47:36.693 [info] Extensions: Last sync data state does not exist.
2023-02-14 13:47:36.864 [info] Extensions: Last sync data state does not exist.
2023-02-14 13:47:39.620 [info] Extensions: Installed extension. huacat.pink-theme 0.4.1
2023-02-14 13:47:39.672 [info] Extensions: Last sync data state does not exist.
2023-02-14 13:47:43.330 [info] Extensions: Installed extension. mel-brown.deep-purple 0.2.2
2023-02-14 13:47:43.383 [info] Extensions: Last sync data state does not exist.
2023-02-14 13:47:45.594 [info] Extensions: Installed extension. mariusvanwijk-joppekoers.codam-norminette-3 4.5.3
2023-02-14 13:47:45.646 [info] Extensions: Last sync data state does not exist.
2023-02-14 13:47:50.112 [info] Extensions: Installed extension. lucasfonte.nightmare 0.0.4
2023-02-14 13:47:50.164 [info] Extensions: Last sync data state does not exist.
2023-02-14 13:47:53.444 [info] Extensions: Installed extension. uloco.theme-bluloco-light 3.7.3
2023-02-14 13:47:53.497 [info] Extensions: Last sync data state does not exist.
2023-02-14 13:47:56.731 [info] Extensions: Installed extension. miqh.core-theme 0.5.0
2023-02-14 13:47:56.783 [info] Extensions: Last sync data state does not exist.
2023-02-14 13:48:00.468 [info] Extensions: Installed extension. github.vscode-pull-request-github 0.58.1
2023-02-14 13:48:00.520 [info] Extensions: Last sync data state does not exist.
2023-02-14 13:48:02.729 [info] Extensions: Installed extension. andenetalexander.vim-cheatsheet 0.0.1
2023-02-14 13:48:02.782 [info] Extensions: Last sync data state does not exist.
2023-02-14 13:48:06.175 [info] Extensions: Installed extension. kendama1980.graygraygray 0.0.1
2023-02-14 13:48:06.230 [info] Extensions: Last sync data state does not exist.
2023-02-14 13:48:08.022 [info] Extensions: Installed extension. peymanslh.blueberry-dark-theme 1.1.1
2023-02-14 13:48:08.074 [info] Extensions: Last sync data state does not exist.
2023-02-14 13:48:12.244 [info] Extensions: Installed extension. jebbs.plantuml 2.17.5
2023-02-14 13:48:12.295 [info] Extensions: Last sync data state does not exist.
2023-02-14 13:48:15.822 [info] Extensions: Installed extension. danielsanmedium.dscodegpt 1.0.15
2023-02-14 13:48:15.875 [info] Extensions: Last sync data state does not exist.
2023-02-14 13:48:18.076 [info] Extensions: Installed extension. akamud.vscode-theme-onedark 2.3.0
2023-02-14 13:48:18.127 [info] Extensions: Last sync data state does not exist.
2023-02-14 13:48:20.948 [info] Extensions: Installed extension. ymaninho.theme-purple-codain 0.0.6
2023-02-14 13:48:21.001 [info] Extensions: Last sync data state does not exist.
2023-02-14 13:48:23.823 [info] Extensions: Installed extension. gtxn.purple-glass 0.0.6
2023-02-14 13:48:23.876 [info] Extensions: Last sync data state does not exist.
2023-02-14 13:48:26.717 [info] Extensions: Installed extension. max-ss.cyberpunk 1.2.14
2023-02-14 13:48:26.770 [info] Extensions: Last sync data state does not exist.
2023-02-14 13:48:29.048 [info] Extensions: Installed extension. ms-vscode.cpptools-extension-pack 1.3.0
2023-02-14 13:48:29.100 [info] Extensions: Last sync data state does not exist.
2023-02-14 13:48:32.286 [info] Extensions: Installed extension. ms-vscode.makefile-tools 0.6.0
2023-02-14 13:48:32.339 [info] Extensions: Last sync data state does not exist.
2023-02-14 13:48:35.548 [info] Extensions: Installed extension. pajdziu.trailingwhitespacehighlighter 0.0.2
2023-02-14 13:48:35.601 [info] Extensions: Last sync data state does not exist.
2023-02-14 13:48:38.540 [info] Extensions: Installed extension. rothecoder.spooky-scary-color-theme 0.0.12
2023-02-14 13:48:38.592 [info] Extensions: Last sync data state does not exist.
2023-02-14 13:48:41.606 [info] Extensions: Installed extension. selfrefactor.niketa-theme 10.18.0
2023-02-14 13:48:41.657 [info] Extensions: Last sync data state does not exist.
2023-02-14 13:48:56.754 [info] Extensions: Installed extension. ms-vscode.cpptools 1.13.9
2023-02-14 13:48:56.805 [info] Extensions: Last sync data state does not exist.
2023-02-14 13:48:59.165 [info] Extensions: Installed extension. vscodevim.vim 1.24.3
2023-02-14 13:48:59.219 [info] Extensions: Last sync data state does not exist.
2023-02-14 13:49:01.182 [info] Extensions: Installed extension. akamud.vscode-theme-onelight 2.3.0
2023-02-14 13:49:01.235 [info] Extensions: Last sync data state does not exist.
2023-02-14 13:49:05.063 [info] Extensions: Installed extension. klyap.vscode-celestial-magic-girl-icon-theme 0.0.4
2023-02-14 13:49:05.116 [info] Extensions: Last sync data state does not exist.
2023-02-14 13:49:08.371 [info] Extensions: Installed extension. s-nlf-fh.glassit 0.2.5
2023-02-14 13:49:08.421 [info] Extensions: Last sync data state does not exist.
2023-02-14 13:49:11.869 [info] Extensions: Installed extension. techwithcarlos.cyberpunk-2021 1.0.0
2023-02-14 13:49:11.923 [info] Extensions: Last sync data state does not exist.
2023-02-14 13:49:14.428 [info] Extensions: Installed extension. dracula-theme.theme-dracula 2.24.2
2023-02-14 13:49:14.480 [info] Extensions: Last sync data state does not exist.
2023-02-14 13:49:16.684 [info] Extensions: Installed extension. tycronin.eva-01-theme 1.0.0
2023-02-14 13:49:16.737 [info] Extensions: Last sync data state does not exist.
2023-02-14 13:49:18.938 [info] Extensions: Installed extension. bytemore.mecha-01 0.12.0
2023-02-14 13:49:18.991 [info] Extensions: Last sync data state does not exist.
2023-02-14 13:49:21.870 [info] Extensions: Installed extension. nowsci.glassit-linux 1.0.0
2023-02-14 13:49:21.922 [info] Extensions: Last sync data state does not exist.
2023-02-14 13:49:24.308 [info] Extensions: Installed extension. ryanolsonx.solarized 2.1.0
2023-02-14 13:49:24.320 [info] Extensions: Updated last synchronized extensions.
2023-02-14 13:49:24.325 [info] Profiles: No changes found during synchronizing profiles.
2023-02-14 13:49:24.337 [info] Profiles: Updated last synchronized profiles.
2023-02-14 13:49:24.344 [info] Sync done. Took 111200ms
2023-02-14 13:49:24.397 [info] Auto Sync: Triggered by Interval
2023-02-14 13:49:24.398 [info] Sync started.
2023-02-14 13:49:24.654 [info] Settings: No changes found during synchronizing settings.
2023-02-14 13:49:24.661 [info] Keybindings: No changes found during synchronizing keybindings.
2023-02-14 13:49:24.665 [info] Snippets: No changes found during synchronizing snippets.
2023-02-14 13:49:24.668 [info] Tasks: No changes found during synchronizing tasks.
2023-02-14 13:49:25.064 [info] GlobalState: Updated remote ui state. Updated: memento/gettingStartedService,workbench.welcomePage.walkthroughMetadata.
2023-02-14 13:49:25.078 [info] GlobalState: Updated last synchronized ui state
2023-02-14 13:49:25.176 [info] Extensions: No changes found during synchronizing extensions.
2023-02-14 13:49:25.179 [info] Profiles: No changes found during synchronizing profiles.
2023-02-14 13:49:25.181 [info] Sync done. Took 786ms
2023-02-14 13:49:27.444 [info] Auto Sync: Triggered by Activity
2023-02-14 13:49:27.444 [info] Sync started.
2023-02-14 13:49:27.621 [info] Settings: No changes found during synchronizing settings.
2023-02-14 13:49:27.633 [info] Keybindings: No changes found during synchronizing keybindings.
2023-02-14 13:49:27.643 [info] Snippets: No changes found during synchronizing snippets.
2023-02-14 13:49:27.650 [info] Tasks: No changes found during synchronizing tasks.
2023-02-14 13:49:27.963 [info] GlobalState: Updated remote ui state. Updated: memento/gettingStartedService.
2023-02-14 13:49:27.978 [info] GlobalState: Updated last synchronized ui state
2023-02-14 13:49:28.097 [info] Extensions: No changes found during synchronizing extensions.
2023-02-14 13:49:28.100 [info] Profiles: No changes found during synchronizing profiles.
2023-02-14 13:49:28.102 [info] Sync done. Took 661ms
2023-02-14 13:49:34.253 [info] Auto Sync: Triggered by Activity
2023-02-14 13:49:34.253 [info] Sync started.
2023-02-14 13:49:34.694 [info] Settings: Updated remote settings
2023-02-14 13:49:34.717 [info] Settings: Updated last synchronized settings
2023-02-14 13:49:34.728 [info] Keybindings: No changes found during synchronizing keybindings.
2023-02-14 13:49:34.735 [info] Snippets: No changes found during synchronizing snippets.
2023-02-14 13:49:34.738 [info] Tasks: No changes found during synchronizing tasks.
2023-02-14 13:49:34.743 [info] GlobalState: No changes found during synchronizing ui state.
2023-02-14 13:49:34.835 [info] Extensions: No changes found during synchronizing extensions.
2023-02-14 13:49:34.837 [info] Profiles: No changes found during synchronizing profiles.
2023-02-14 13:49:34.840 [info] Sync done. Took 589ms
2023-02-14 13:54:34.846 [info] Auto Sync: Triggered by Interval
2023-02-14 13:54:34.847 [info] Sync started.
2023-02-14 13:54:35.523 [info] Settings: No changes found during synchronizing settings.
2023-02-14 13:54:35.530 [info] Keybindings: No changes found during synchronizing keybindings.
2023-02-14 13:54:35.535 [info] Snippets: No changes found during synchronizing snippets.
2023-02-14 13:54:35.539 [info] Tasks: No changes found during synchronizing tasks.
2023-02-14 13:54:35.546 [info] GlobalState: No changes found during synchronizing ui state.
2023-02-14 13:54:35.640 [info] Extensions: No changes found during synchronizing extensions.
2023-02-14 13:54:35.643 [info] Profiles: No changes found during synchronizing profiles.
2023-02-14 13:54:35.646 [info] Sync done. Took 802ms
2023-02-14 13:55:21.999 [info] Auto Sync: Triggered by Activity
2023-02-14 13:55:21.999 [info] Sync started.
2023-02-14 13:55:22.298 [info] Settings: No changes found during synchronizing settings.
2023-02-14 13:55:22.304 [info] Keybindings: No changes found during synchronizing keybindings.
2023-02-14 13:55:22.309 [info] Snippets: No changes found during synchronizing snippets.
2023-02-14 13:55:22.312 [info] Tasks: No changes found during synchronizing tasks.
2023-02-14 13:55:22.319 [info] GlobalState: No changes found during synchronizing ui state.
2023-02-14 13:55:22.422 [info] Extensions: No changes found during synchronizing extensions.
2023-02-14 13:55:22.425 [info] Profiles: No changes found during synchronizing profiles.
2023-02-14 13:55:22.427 [info] Sync done. Took 430ms
2023-02-14 13:57:19.173 [info] Auto Sync: Triggered by Activity
2023-02-14 13:57:19.174 [info] Sync started.
2023-02-14 13:57:19.370 [info] Settings: No changes found during synchronizing settings.
2023-02-14 13:57:19.378 [info] Keybindings: No changes found during synchronizing keybindings.
2023-02-14 13:57:19.382 [info] Snippets: No changes found during synchronizing snippets.
2023-02-14 13:57:19.386 [info] Tasks: No changes found during synchronizing tasks.
2023-02-14 13:57:19.736 [info] GlobalState: Updated remote ui state. Updated: memento/gettingStartedService.
2023-02-14 13:57:19.753 [info] GlobalState: Updated last synchronized ui state
2023-02-14 13:57:19.828 [info] Extensions: No changes found during synchronizing extensions.
2023-02-14 13:57:19.831 [info] Profiles: No changes found during synchronizing profiles.
2023-02-14 13:57:19.833 [info] Sync done. Took 663ms
2023-02-14 14:25:13.363 [info] Auto Sync: Triggered by Interval
2023-02-14 14:25:13.364 [info] Sync started.
2023-02-14 14:25:13.481 [info] Settings: No changes found during synchronizing settings.
2023-02-14 14:25:13.493 [info] Keybindings: No changes found during synchronizing keybindings.
2023-02-14 14:25:13.503 [info] Snippets: No changes found during synchronizing snippets.
2023-02-14 14:25:13.510 [info] Tasks: No changes found during synchronizing tasks.
2023-02-14 14:25:13.519 [info] GlobalState: No changes found during synchronizing ui state.
2023-02-14 14:25:13.621 [info] Extensions: No changes found during synchronizing extensions.
2023-02-14 14:25:13.624 [info] Profiles: No changes found during synchronizing profiles.
2023-02-14 14:25:13.626 [info] Sync done. Took 265ms
2023-02-14 14:30:13.628 [info] Auto Sync: Triggered by Interval
2023-02-14 14:30:13.629 [info] Sync started.
2023-02-14 14:30:13.767 [info] Settings: No changes found during synchronizing settings.
2023-02-14 14:30:13.779 [info] Keybindings: No changes found during synchronizing keybindings.
2023-02-14 14:30:13.789 [info] Snippets: No changes found during synchronizing snippets.
2023-02-14 14:30:13.797 [info] Tasks: No changes found during synchronizing tasks.
2023-02-14 14:30:13.810 [info] GlobalState: No changes found during synchronizing ui state.
2023-02-14 14:30:13.919 [info] Extensions: No changes found during synchronizing extensions.
2023-02-14 14:30:13.922 [info] Profiles: No changes found during synchronizing profiles.
2023-02-14 14:30:13.924 [info] Sync done. Took 297ms
2023-02-14 14:35:13.927 [info] Auto Sync: Triggered by Interval
2023-02-14 14:35:13.927 [info] Sync started.
2023-02-14 14:35:14.041 [info] Settings: No changes found during synchronizing settings.
2023-02-14 14:35:14.053 [info] Keybindings: No changes found during synchronizing keybindings.
2023-02-14 14:35:14.064 [info] Snippets: No changes found during synchronizing snippets.
2023-02-14 14:35:14.072 [info] Tasks: No changes found during synchronizing tasks.
2023-02-14 14:35:14.086 [info] GlobalState: No changes found during synchronizing ui state.
2023-02-14 14:35:14.194 [info] Extensions: No changes found during synchronizing extensions.
2023-02-14 14:35:14.196 [info] Profiles: No changes found during synchronizing profiles.
2023-02-14 14:35:14.199 [info] Sync done. Took 274ms
2023-02-14 14:40:14.202 [info] Auto Sync: Triggered by Interval
2023-02-14 14:40:14.203 [info] Sync started.
2023-02-14 14:40:14.326 [info] Settings: No changes found during synchronizing settings.
2023-02-14 14:40:14.338 [info] Keybindings: No changes found during synchronizing keybindings.
2023-02-14 14:40:14.348 [info] Snippets: No changes found during synchronizing snippets.
2023-02-14 14:40:14.355 [info] Tasks: No changes found during synchronizing tasks.
2023-02-14 14:40:14.368 [info] GlobalState: No changes found during synchronizing ui state.
2023-02-14 14:40:14.475 [info] Extensions: No changes found during synchronizing extensions.
2023-02-14 14:40:14.481 [info] Profiles: No changes found during synchronizing profiles.
2023-02-14 14:40:14.483 [info] Sync done. Took 283ms
2023-02-14 14:45:14.486 [info] Auto Sync: Triggered by Interval
2023-02-14 14:45:14.487 [info] Sync started.
2023-02-14 14:45:14.605 [info] Settings: No changes found during synchronizing settings.
2023-02-14 14:45:14.616 [info] Keybindings: No changes found during synchronizing keybindings.
2023-02-14 14:45:14.625 [info] Snippets: No changes found during synchronizing snippets.
2023-02-14 14:45:14.632 [info] Tasks: No changes found during synchronizing tasks.
2023-02-14 14:45:14.646 [info] GlobalState: No changes found during synchronizing ui state.
2023-02-14 14:45:14.742 [info] Extensions: No changes found during synchronizing extensions.
2023-02-14 14:45:14.745 [info] Profiles: No changes found during synchronizing profiles.
2023-02-14 14:45:14.747 [info] Sync done. Took 262ms
2023-02-14 14:50:14.748 [info] Auto Sync: Triggered by Interval
2023-02-14 14:50:14.748 [info] Sync started.
2023-02-14 14:50:14.829 [info] Settings: No changes found during synchronizing settings.
2023-02-14 14:50:14.834 [info] Keybindings: No changes found during synchronizing keybindings.
2023-02-14 14:50:14.840 [info] Snippets: No changes found during synchronizing snippets.
2023-02-14 14:50:14.846 [info] Tasks: No changes found during synchronizing tasks.
2023-02-14 14:50:14.853 [info] GlobalState: No changes found during synchronizing ui state.
2023-02-14 14:50:14.956 [info] Extensions: No changes found during synchronizing extensions.
2023-02-14 14:50:14.958 [info] Profiles: No changes found during synchronizing profiles.
2023-02-14 14:50:14.960 [info] Sync done. Took 212ms
2023-02-14 14:55:14.963 [info] Auto Sync: Triggered by Interval
2023-02-14 14:55:14.963 [info] Sync started.
2023-02-14 14:55:15.112 [info] Settings: No changes found during synchronizing settings.
2023-02-14 14:55:15.124 [info] Keybindings: No changes found during synchronizing keybindings.
2023-02-14 14:55:15.128 [info] Snippets: No changes found during synchronizing snippets.
2023-02-14 14:55:15.131 [info] Tasks: No changes found during synchronizing tasks.
2023-02-14 14:55:15.138 [info] GlobalState: No changes found during synchronizing ui state.
2023-02-14 14:55:15.233 [info] Extensions: No changes found during synchronizing extensions.
2023-02-14 14:55:15.235 [info] Profiles: No changes found during synchronizing profiles.
2023-02-14 14:55:15.237 [info] Sync done. Took 277ms
2023-02-14 15:00:15.247 [info] Auto Sync: Triggered by Interval
2023-02-14 15:00:15.247 [info] Sync started.
2023-02-14 15:00:15.413 [info] Settings: No changes found during synchronizing settings.
2023-02-14 15:00:15.424 [info] Keybindings: No changes found during synchronizing keybindings.
2023-02-14 15:00:15.431 [info] Snippets: No changes found during synchronizing snippets.
2023-02-14 15:00:15.439 [info] Tasks: No changes found during synchronizing tasks.
2023-02-14 15:00:15.453 [info] GlobalState: No changes found during synchronizing ui state.
2023-02-14 15:00:15.573 [info] Extensions: No changes found during synchronizing extensions.
2023-02-14 15:00:15.576 [info] Profiles: No changes found during synchronizing profiles.
2023-02-14 15:00:15.578 [info] Sync done. Took 333ms
2023-02-14 15:05:15.580 [info] Auto Sync: Triggered by Interval
2023-02-14 15:05:15.581 [info] Sync started.
2023-02-14 15:05:16.163 [info] Settings: No changes found during synchronizing settings.
2023-02-14 15:05:16.175 [info] Keybindings: No changes found during synchronizing keybindings.
2023-02-14 15:05:16.183 [info] Snippets: No changes found during synchronizing snippets.
2023-02-14 15:05:16.186 [info] Tasks: No changes found during synchronizing tasks.
2023-02-14 15:05:16.193 [info] GlobalState: No changes found during synchronizing ui state.
2023-02-14 15:05:16.292 [info] Extensions: No changes found during synchronizing extensions.
2023-02-14 15:05:16.295 [info] Profiles: No changes found during synchronizing profiles.
2023-02-14 15:05:16.297 [info] Sync done. Took 718ms
2023-02-14 15:09:11.852 [info] Auto Sync: Triggered by Activity
2023-02-14 15:09:11.852 [info] Sync started.
2023-02-14 15:09:11.990 [info] Settings: No changes found during synchronizing settings.
2023-02-14 15:09:11.999 [info] Keybindings: No changes found during synchronizing keybindings.
2023-02-14 15:09:12.009 [info] Snippets: No changes found during synchronizing snippets.
2023-02-14 15:09:12.014 [info] Tasks: No changes found during synchronizing tasks.
2023-02-14 15:09:12.160 [info] GlobalState: Updated remote ui state. Updated: ces/skipSurvey.
2023-02-14 15:09:12.178 [info] GlobalState: Updated last synchronized ui state
2023-02-14 15:09:12.312 [info] Extensions: No changes found during synchronizing extensions.
2023-02-14 15:09:12.315 [info] Profiles: No changes found during synchronizing profiles.
2023-02-14 15:09:12.317 [info] Sync done. Took 468ms
2023-02-14 15:14:12.320 [info] Auto Sync: Triggered by Interval
2023-02-14 15:14:12.321 [info] Sync started.
2023-02-14 15:14:12.419 [info] Settings: No changes found during synchronizing settings.
2023-02-14 15:14:12.427 [info] Keybindings: No changes found during synchronizing keybindings.
2023-02-14 15:14:12.437 [info] Snippets: No changes found during synchronizing snippets.
2023-02-14 15:14:12.444 [info] Tasks: No changes found during synchronizing tasks.
2023-02-14 15:14:12.455 [info] GlobalState: No changes found during synchronizing ui state.
2023-02-14 15:14:12.531 [info] Extensions: No changes found during synchronizing extensions.
2023-02-14 15:14:12.533 [info] Profiles: No changes found during synchronizing profiles.
2023-02-14 15:14:12.535 [info] Sync done. Took 217ms
2023-02-14 15:15:35.406 [info] Auto Sync: Triggered by Activity
2023-02-14 15:15:35.407 [info] Sync started.
2023-02-14 15:15:35.461 [info] Settings: No changes found during synchronizing settings.
2023-02-14 15:15:35.466 [info] Keybindings: No changes found during synchronizing keybindings.
2023-02-14 15:15:35.469 [info] Snippets: No changes found during synchronizing snippets.
2023-02-14 15:15:35.472 [info] Tasks: No changes found during synchronizing tasks.
2023-02-14 15:15:35.477 [info] GlobalState: No changes found during synchronizing ui state.
2023-02-14 15:15:35.578 [info] Extensions: No changes found during synchronizing extensions.
2023-02-14 15:15:35.580 [info] Profiles: No changes found during synchronizing profiles.
2023-02-14 15:15:35.582 [info] Sync done. Took 177ms
2023-02-14 15:16:45.373 [info] Auto Sync: Triggered by Activity
2023-02-14 15:16:45.374 [info] Sync started.
2023-02-14 15:16:45.410 [info] Settings: No changes found during synchronizing settings.
2023-02-14 15:16:45.416 [info] Keybindings: No changes found during synchronizing keybindings.
2023-02-14 15:16:45.423 [info] Snippets: No changes found during synchronizing snippets.
2023-02-14 15:16:45.426 [info] Tasks: No changes found during synchronizing tasks.
2023-02-14 15:16:45.431 [info] GlobalState: No changes found during synchronizing ui state.
2023-02-14 15:16:45.512 [info] Extensions: No changes found during synchronizing extensions.
2023-02-14 15:16:45.514 [info] Profiles: No changes found during synchronizing profiles.
2023-02-14 15:16:45.516 [info] Sync done. Took 144ms
2023-02-14 15:17:51.369 [info] Auto Sync: Suspended until auth token is available.
2023-02-14 15:17:51.370 [info] Auto Sync: Stopped
