2023-02-14 15:17:51.033 [info] Log level: Info
2023-02-14 15:17:51.033 [info] Validating found git in: "git"
2023-02-14 15:17:51.033 [info] Using git "2.39.1" from "git"
2023-02-14 15:17:51.033 [info] > git rev-parse --show-toplevel [2ms]
2023-02-14 15:17:51.033 [info] > git rev-parse --git-dir --git-common-dir [34ms]
2023-02-14 15:17:51.033 [info] Open repository: /home/meow/cpp
2023-02-14 15:17:51.033 [info] > git rev-parse --show-toplevel [20ms]
2023-02-14 15:17:51.033 [info] > git rev-parse --show-toplevel [4ms]
2023-02-14 15:17:51.033 [info] > git config --get commit.template [12ms]
2023-02-14 15:17:51.033 [info] > git rev-parse --show-toplevel [2ms]
2023-02-14 15:17:51.033 [info] > git rev-parse --show-toplevel [8ms]
2023-02-14 15:17:51.033 [info] > git for-each-ref --format=%(refname)%00%(upstream:short)%00%(objectname)%00%(upstream:track)%00%(upstream:remotename)%00%(upstream:remoteref) refs/heads/main refs/remotes/main [10ms]
2023-02-14 15:17:51.033 [info] > git status -z -uall [6ms]
2023-02-14 15:17:51.033 [info] > git for-each-ref --sort -committerdate --format %(refname) %(objectname) %(*objectname) [2ms]
2023-02-14 15:17:51.051 [info] > git config --get commit.template [12ms]
2023-02-14 15:17:51.060 [info] > git for-each-ref --format=%(refname)%00%(upstream:short)%00%(objectname)%00%(upstream:track)%00%(upstream:remotename)%00%(upstream:remoteref) refs/heads/main refs/remotes/main [2ms]
2023-02-14 15:17:51.072 [info] > git status -z -uall [5ms]
2023-02-14 15:17:51.236 [info] > git for-each-ref --sort -committerdate --format %(refname) %(objectname) %(*objectname) [165ms]
2023-02-14 15:17:51.492 [info] > git check-ignore -v -z --stdin [31ms]
2023-02-14 15:17:51.627 [info] > git config --local branch.main.github-pr-owner-number [20ms]
2023-02-14 15:17:51.634 [info] > git config --get commit.template [2ms]
2023-02-14 15:17:51.640 [info] > git for-each-ref --format=%(refname)%00%(upstream:short)%00%(objectname)%00%(upstream:track)%00%(upstream:remotename)%00%(upstream:remoteref) refs/heads/main refs/remotes/main [2ms]
2023-02-14 15:17:51.647 [info] > git status -z -uall [4ms]
2023-02-14 15:17:51.649 [info] > git for-each-ref --sort -committerdate --format %(refname) %(objectname) %(*objectname) [3ms]
2023-02-14 15:18:13.531 [info] > git check-ignore -v -z --stdin [0ms]
2023-02-14 15:18:15.042 [info] > git check-ignore -v -z --stdin [1ms]
2023-02-14 15:18:15.992 [info] > git check-ignore -v -z --stdin [2ms]
2023-02-14 15:18:18.974 [info] > git check-ignore -v -z --stdin [2ms]
2023-02-14 15:18:21.154 [info] > git check-ignore -v -z --stdin [2ms]
2023-02-14 15:18:22.985 [info] > git show --textconv :cpp02/ex02/Fixed.hpp [9ms]
2023-02-14 15:18:22.987 [info] > git ls-files --stage -- /home/meow/cpp/cpp02/ex02/Fixed.hpp [3ms]
2023-02-14 15:18:22.996 [info] > git cat-file -s f14be190183efc8a412024a88f39677ca290183b [1ms]
2023-02-14 15:18:43.153 [info] > git config --get commit.template [1ms]
2023-02-14 15:18:43.163 [info] > git for-each-ref --format=%(refname)%00%(upstream:short)%00%(objectname)%00%(upstream:track)%00%(upstream:remotename)%00%(upstream:remoteref) refs/heads/main refs/remotes/main [1ms]
2023-02-14 15:18:43.182 [info] > git status -z -uall [10ms]
2023-02-14 15:18:43.184 [info] > git for-each-ref --sort -committerdate --format %(refname) %(objectname) %(*objectname) [3ms]
2023-02-14 15:22:51.587 [info] > git config --local branch.main.github-pr-owner-number [1ms]
2023-02-14 15:22:51.607 [info] > git config --get commit.template [10ms]
2023-02-14 15:22:51.608 [info] > git for-each-ref --format=%(refname)%00%(upstream:short)%00%(objectname)%00%(upstream:track)%00%(upstream:remotename)%00%(upstream:remoteref) refs/heads/main refs/remotes/main [3ms]
2023-02-14 15:22:51.625 [info] > git status -z -uall [9ms]
2023-02-14 15:22:51.627 [info] > git for-each-ref --sort -committerdate --format %(refname) %(objectname) %(*objectname) [2ms]
2023-02-14 15:27:51.645 [info] > git config --local branch.main.github-pr-owner-number [2ms]
2023-02-14 15:27:51.664 [info] > git config --get commit.template [10ms]
2023-02-14 15:27:51.665 [info] > git for-each-ref --format=%(refname)%00%(upstream:short)%00%(objectname)%00%(upstream:track)%00%(upstream:remotename)%00%(upstream:remoteref) refs/heads/main refs/remotes/main [2ms]
2023-02-14 15:27:51.685 [info] > git status -z -uall [11ms]
2023-02-14 15:27:51.686 [info] > git for-each-ref --sort -committerdate --format %(refname) %(objectname) %(*objectname) [3ms]
2023-02-14 15:32:51.704 [info] > git config --local branch.main.github-pr-owner-number [2ms]
2023-02-14 15:32:51.725 [info] > git config --get commit.template [10ms]
2023-02-14 15:32:51.726 [info] > git for-each-ref --format=%(refname)%00%(upstream:short)%00%(objectname)%00%(upstream:track)%00%(upstream:remotename)%00%(upstream:remoteref) refs/heads/main refs/remotes/main [2ms]
2023-02-14 15:32:51.746 [info] > git status -z -uall [13ms]
2023-02-14 15:32:51.747 [info] > git for-each-ref --sort -committerdate --format %(refname) %(objectname) %(*objectname) [3ms]
2023-02-14 15:37:51.768 [info] > git config --local branch.main.github-pr-owner-number [2ms]
2023-02-14 15:37:51.787 [info] > git config --get commit.template [9ms]
2023-02-14 15:37:51.788 [info] > git for-each-ref --format=%(refname)%00%(upstream:short)%00%(objectname)%00%(upstream:track)%00%(upstream:remotename)%00%(upstream:remoteref) refs/heads/main refs/remotes/main [2ms]
2023-02-14 15:37:51.806 [info] > git status -z -uall [10ms]
2023-02-14 15:37:51.807 [info] > git for-each-ref --sort -committerdate --format %(refname) %(objectname) %(*objectname) [3ms]
2023-02-14 15:42:51.824 [info] > git config --local branch.main.github-pr-owner-number [2ms]
2023-02-14 15:42:51.845 [info] > git config --get commit.template [10ms]
2023-02-14 15:42:51.846 [info] > git for-each-ref --format=%(refname)%00%(upstream:short)%00%(objectname)%00%(upstream:track)%00%(upstream:remotename)%00%(upstream:remoteref) refs/heads/main refs/remotes/main [2ms]
2023-02-14 15:42:51.864 [info] > git status -z -uall [10ms]
2023-02-14 15:42:51.866 [info] > git for-each-ref --sort -committerdate --format %(refname) %(objectname) %(*objectname) [3ms]
2023-02-14 18:05:44.845 [info] > git config --local branch.main.github-pr-owner-number [2ms]
2023-02-14 18:05:44.864 [info] > git config --get commit.template [8ms]
2023-02-14 18:05:44.865 [info] > git for-each-ref --format=%(refname)%00%(upstream:short)%00%(objectname)%00%(upstream:track)%00%(upstream:remotename)%00%(upstream:remoteref) refs/heads/main refs/remotes/main [2ms]
2023-02-14 18:05:44.883 [info] > git status -z -uall [9ms]
2023-02-14 18:05:44.884 [info] > git for-each-ref --sort -committerdate --format %(refname) %(objectname) %(*objectname) [3ms]
