2023-02-14 20:09:52.266 [info] Log level: Info
2023-02-14 20:09:52.266 [info] Validating found git in: "git"
2023-02-14 20:09:52.266 [info] Using git "2.39.1" from "git"
2023-02-14 20:09:52.266 [info] > git rev-parse --show-toplevel [4ms]
2023-02-14 20:09:52.266 [info] > git rev-parse --git-dir --git-common-dir [1ms]
2023-02-14 20:09:52.266 [info] Open repository: /home/meow/CONFiiG
2023-02-14 20:09:52.266 [info] > git rev-parse --show-toplevel [4ms]
2023-02-14 20:09:52.266 [info] > git config --get commit.template [4ms]
2023-02-14 20:09:52.266 [info] > git rev-parse --show-toplevel [1ms]
2023-02-14 20:09:52.266 [info] > git rev-parse --show-toplevel [6ms]
2023-02-14 20:09:52.266 [info] > git for-each-ref --format=%(refname)%00%(upstream:short)%00%(objectname)%00%(upstream:track)%00%(upstream:remotename)%00%(upstream:remoteref) refs/heads/main refs/remotes/main [6ms]
2023-02-14 20:09:52.266 [info] > git status -z -uall [6ms]
2023-02-14 20:09:52.266 [info] > git rev-parse --show-toplevel [10ms]
2023-02-14 20:09:52.266 [info] > git rev-parse --show-toplevel [5ms]
2023-02-14 20:09:52.266 [info] > git for-each-ref --sort -committerdate --format %(refname) %(objectname) %(*objectname) [13ms]
2023-02-14 20:09:52.266 [info] > git rev-parse --show-toplevel [14ms]
2023-02-14 20:09:52.266 [info] > git config --get commit.template [40ms]
2023-02-14 20:09:52.267 [info] > git for-each-ref --format=%(refname)%00%(upstream:short)%00%(objectname)%00%(upstream:track)%00%(upstream:remotename)%00%(upstream:remoteref) refs/heads/main refs/remotes/main [2ms]
2023-02-14 20:09:52.275 [info] > git status -z -uall [5ms]
2023-02-14 20:09:52.275 [info] > git for-each-ref --sort -committerdate --format %(refname) %(objectname) %(*objectname) [1ms]
2023-02-14 20:09:52.756 [info] > git check-ignore -v -z --stdin [1ms]
2023-02-14 20:09:52.757 [info] > git config --local branch.main.github-pr-owner-number [7ms]
2023-02-14 20:09:52.764 [info] > git config --get commit.template [3ms]
2023-02-14 20:09:52.764 [info] > git for-each-ref --format=%(refname)%00%(upstream:short)%00%(objectname)%00%(upstream:track)%00%(upstream:remotename)%00%(upstream:remoteref) refs/heads/main refs/remotes/main [1ms]
2023-02-14 20:09:52.774 [info] > git status -z -uall [4ms]
2023-02-14 20:09:52.775 [info] > git for-each-ref --sort -committerdate --format %(refname) %(objectname) %(*objectname) [1ms]
2023-02-14 20:09:53.174 [info] > git show --textconv :manjaro_i3/asci_color_palette.sh [4ms]
2023-02-14 20:09:53.183 [info] > git show --textconv :manjaro_i3/neoconfig.sh [5ms]
2023-02-14 20:09:53.183 [info] > git ls-files --stage -- /home/meow/CONFiiG/manjaro_i3/neoconfig.sh [1ms]
2023-02-14 20:09:53.187 [info] > git ls-files --stage -- /home/meow/CONFiiG/manjaro_i3/asci_color_palette.sh [13ms]
2023-02-14 20:09:53.191 [info] > git cat-file -s fb4ff7d3b98b4effba122a90abc2c8f47271d3a3 [1ms]
2023-02-14 20:09:53.192 [info] > git cat-file -s 5fe82c9baa66e48e6080f6606046b6b06d7dfefd [5ms]
2023-02-14 20:09:54.142 [info] > git config --get commit.template [1ms]
2023-02-14 20:09:54.146 [info] > git for-each-ref --format=%(refname)%00%(upstream:short)%00%(objectname)%00%(upstream:track)%00%(upstream:remotename)%00%(upstream:remoteref) refs/heads/main refs/remotes/main [1ms]
2023-02-14 20:09:54.155 [info] > git status -z -uall [4ms]
2023-02-14 20:09:54.156 [info] > git for-each-ref --sort -committerdate --format %(refname) %(objectname) %(*objectname) [1ms]
2023-02-14 20:09:54.247 [info] > git ls-files --stage -- /home/meow/CONFiiG/manjaro_i3/neoconfig.sh [2ms]
2023-02-14 20:09:54.253 [info] > git ls-files --stage -- /home/meow/CONFiiG/manjaro_i3/asci_color_palette.sh [12ms]
2023-02-14 20:09:54.256 [info] > git cat-file -s 5fe82c9baa66e48e6080f6606046b6b06d7dfefd [3ms]
2023-02-14 20:09:54.257 [info] > git cat-file -s fb4ff7d3b98b4effba122a90abc2c8f47271d3a3 [1ms]
2023-02-14 20:09:54.270 [info] > git show --textconv :manjaro_i3/neoconfig.sh [8ms]
2023-02-14 20:09:54.271 [info] > git show --textconv :manjaro_i3/asci_color_palette.sh [2ms]
2023-02-14 20:10:27.873 [info] > git check-ignore -v -z --stdin [2ms]
2023-02-14 20:10:28.800 [info] > git show --textconv :manjaro_i3/alacritty/alacritty.yml [4ms]
2023-02-14 20:10:28.801 [info] > git ls-files --stage -- /home/meow/CONFiiG/manjaro_i3/alacritty/alacritty.yml [1ms]
2023-02-14 20:10:28.804 [info] > git cat-file -s 4e9de637a602d41f1febb43be999cd83073ec950 [0ms]
2023-02-14 20:10:32.159 [info] > git check-ignore -v -z --stdin [2ms]
2023-02-14 20:10:33.783 [info] > git show --textconv :manjaro_i3/i3/config [7ms]
2023-02-14 20:10:33.786 [info] > git ls-files --stage -- /home/meow/CONFiiG/manjaro_i3/i3/config [3ms]
2023-02-14 20:10:33.794 [info] > git cat-file -s 70f388ecd2979a4ce4d2b0d84a8fd42f44434408 [2ms]
2023-02-14 20:10:46.882 [info] > git config --get commit.template [2ms]
2023-02-14 20:10:46.890 [info] > git for-each-ref --format=%(refname)%00%(upstream:short)%00%(objectname)%00%(upstream:track)%00%(upstream:remotename)%00%(upstream:remoteref) refs/heads/main refs/remotes/main [2ms]
2023-02-14 20:10:46.906 [info] > git status -z -uall [10ms]
2023-02-14 20:10:46.908 [info] > git for-each-ref --sort -committerdate --format %(refname) %(objectname) %(*objectname) [3ms]
2023-02-14 20:10:46.992 [info] > git ls-files --stage -- /home/meow/CONFiiG/manjaro_i3/neoconfig.sh [9ms]
2023-02-14 20:10:46.999 [info] > git ls-files --stage -- /home/meow/CONFiiG/manjaro_i3/i3/config [9ms]
2023-02-14 20:10:47.005 [info] > git cat-file -s 70f388ecd2979a4ce4d2b0d84a8fd42f44434408 [0ms]
2023-02-14 20:10:47.006 [info] > git cat-file -s 5fe82c9baa66e48e6080f6606046b6b06d7dfefd [9ms]
2023-02-14 20:10:47.014 [info] > git show --textconv :manjaro_i3/i3/config [1ms]
2023-02-14 20:10:47.024 [info] > git show --textconv :manjaro_i3/neoconfig.sh [3ms]
2023-02-14 20:11:46.472 [info] > git config --get commit.template [2ms]
2023-02-14 20:11:46.480 [info] > git for-each-ref --format=%(refname)%00%(upstream:short)%00%(objectname)%00%(upstream:track)%00%(upstream:remotename)%00%(upstream:remoteref) refs/heads/main refs/remotes/main [2ms]
2023-02-14 20:11:46.490 [info] > git status -z -uall [4ms]
2023-02-14 20:11:46.490 [info] > git for-each-ref --sort -committerdate --format %(refname) %(objectname) %(*objectname) [1ms]
2023-02-14 20:11:46.524 [info] > git check-ignore -v -z --stdin [1ms]
2023-02-14 20:11:52.607 [info] > git check-ignore -v -z --stdin [1ms]
2023-02-14 20:11:56.054 [info] > git show --textconv :archlinux/i3/config [9ms]
2023-02-14 20:11:56.054 [info] > git ls-files --stage -- /home/meow/CONFiiG/archlinux/i3/config [2ms]
2023-02-14 20:11:59.222 [info] > git ls-files --stage -- /home/meow/CONFiiG/archlinux/postinstall_script.sh [1ms]
2023-02-14 20:11:59.224 [info] > git show --textconv :archlinux/postinstall_script.sh [11ms]
2023-02-14 20:11:59.225 [info] > git cat-file -s c7c4c6664151ceb63711798358d82e54245b8dd8 [1ms]
2023-02-14 20:13:10.847 [info] > git rev-parse --show-toplevel [2ms]
2023-02-14 20:13:10.847 [info] fatal: not a git repository (or any of the parent directories): .git
2023-02-14 20:13:15.168 [info] > git rev-parse --show-toplevel [1ms]
2023-02-14 20:13:15.168 [info] fatal: not a git repository (or any of the parent directories): .git
2023-02-14 20:13:15.173 [info] > git rev-parse --show-toplevel [1ms]
2023-02-14 20:13:15.173 [info] fatal: not a git repository (or any of the parent directories): .git
2023-02-14 20:13:17.013 [info] > git rev-parse --show-toplevel [0ms]
2023-02-14 20:13:17.013 [info] fatal: not a git repository (or any of the parent directories): .git
2023-02-14 20:13:17.039 [info] > git rev-parse --show-toplevel [1ms]
2023-02-14 20:13:17.039 [info] fatal: not a git repository (or any of the parent directories): .git
2023-02-14 20:13:21.193 [info] > git rev-parse --show-toplevel [1ms]
2023-02-14 20:13:21.194 [info] fatal: not a git repository (or any of the parent directories): .git
2023-02-14 20:13:21.278 [info] > git rev-parse --show-toplevel [1ms]
2023-02-14 20:13:21.278 [info] fatal: not a git repository (or any of the parent directories): .git
2023-02-14 20:13:21.505 [info] > git show --textconv :archlinux/i3/config [9ms]
2023-02-14 20:13:21.507 [info] > git ls-files --stage -- /home/meow/CONFiiG/archlinux/i3/config [3ms]
2023-02-14 20:14:52.462 [info] > git config --local branch.main.github-pr-owner-number [1ms]
2023-02-14 20:14:52.480 [info] > git config --get commit.template [8ms]
2023-02-14 20:14:52.481 [info] > git for-each-ref --format=%(refname)%00%(upstream:short)%00%(objectname)%00%(upstream:track)%00%(upstream:remotename)%00%(upstream:remoteref) refs/heads/main refs/remotes/main [2ms]
2023-02-14 20:14:52.497 [info] > git status -z -uall [8ms]
2023-02-14 20:14:52.500 [info] > git for-each-ref --sort -committerdate --format %(refname) %(objectname) %(*objectname) [5ms]
2023-02-14 21:29:50.878 [info] > git config --local branch.main.github-pr-owner-number [1ms]
2023-02-14 21:29:50.892 [info] > git config --get commit.template [7ms]
2023-02-14 21:29:50.894 [info] > git for-each-ref --format=%(refname)%00%(upstream:short)%00%(objectname)%00%(upstream:track)%00%(upstream:remotename)%00%(upstream:remoteref) refs/heads/main refs/remotes/main [2ms]
2023-02-14 21:29:50.907 [info] > git status -z -uall [8ms]
2023-02-14 21:29:50.909 [info] > git for-each-ref --sort -committerdate --format %(refname) %(objectname) %(*objectname) [3ms]
2023-02-14 21:34:50.925 [info] > git config --local branch.main.github-pr-owner-number [1ms]
2023-02-14 21:34:50.938 [info] > git config --get commit.template [5ms]
2023-02-14 21:34:50.939 [info] > git for-each-ref --format=%(refname)%00%(upstream:short)%00%(objectname)%00%(upstream:track)%00%(upstream:remotename)%00%(upstream:remoteref) refs/heads/main refs/remotes/main [2ms]
2023-02-14 21:34:50.952 [info] > git status -z -uall [8ms]
2023-02-14 21:34:50.953 [info] > git for-each-ref --sort -committerdate --format %(refname) %(objectname) %(*objectname) [2ms]
2023-02-14 21:39:50.967 [info] > git config --local branch.main.github-pr-owner-number [1ms]
2023-02-14 21:39:50.981 [info] > git config --get commit.template [6ms]
2023-02-14 21:39:50.981 [info] > git for-each-ref --format=%(refname)%00%(upstream:short)%00%(objectname)%00%(upstream:track)%00%(upstream:remotename)%00%(upstream:remoteref) refs/heads/main refs/remotes/main [0ms]
2023-02-14 21:39:50.991 [info] > git status -z -uall [7ms]
2023-02-14 21:39:50.992 [info] > git for-each-ref --sort -committerdate --format %(refname) %(objectname) %(*objectname) [2ms]
2023-02-14 21:44:51.008 [info] > git config --local branch.main.github-pr-owner-number [2ms]
2023-02-14 21:44:51.022 [info] > git config --get commit.template [7ms]
2023-02-14 21:44:51.023 [info] > git for-each-ref --format=%(refname)%00%(upstream:short)%00%(objectname)%00%(upstream:track)%00%(upstream:remotename)%00%(upstream:remoteref) refs/heads/main refs/remotes/main [2ms]
2023-02-14 21:44:51.037 [info] > git status -z -uall [8ms]
2023-02-14 21:44:51.038 [info] > git for-each-ref --sort -committerdate --format %(refname) %(objectname) %(*objectname) [2ms]
2023-02-14 21:49:51.052 [info] > git config --local branch.main.github-pr-owner-number [1ms]
2023-02-14 21:49:51.067 [info] > git config --get commit.template [8ms]
2023-02-14 21:49:51.068 [info] > git for-each-ref --format=%(refname)%00%(upstream:short)%00%(objectname)%00%(upstream:track)%00%(upstream:remotename)%00%(upstream:remoteref) refs/heads/main refs/remotes/main [2ms]
2023-02-14 21:49:51.081 [info] > git status -z -uall [8ms]
2023-02-14 21:49:51.083 [info] > git for-each-ref --sort -committerdate --format %(refname) %(objectname) %(*objectname) [3ms]
2023-02-14 21:54:51.097 [info] > git config --local branch.main.github-pr-owner-number [2ms]
2023-02-14 21:54:51.112 [info] > git config --get commit.template [8ms]
2023-02-14 21:54:51.113 [info] > git for-each-ref --format=%(refname)%00%(upstream:short)%00%(objectname)%00%(upstream:track)%00%(upstream:remotename)%00%(upstream:remoteref) refs/heads/main refs/remotes/main [2ms]
2023-02-14 21:54:51.126 [info] > git status -z -uall [8ms]
2023-02-14 21:54:51.128 [info] > git for-each-ref --sort -committerdate --format %(refname) %(objectname) %(*objectname) [3ms]
2023-02-14 21:59:51.142 [info] > git config --local branch.main.github-pr-owner-number [2ms]
2023-02-14 21:59:51.157 [info] > git config --get commit.template [7ms]
2023-02-14 21:59:51.158 [info] > git for-each-ref --format=%(refname)%00%(upstream:short)%00%(objectname)%00%(upstream:track)%00%(upstream:remotename)%00%(upstream:remoteref) refs/heads/main refs/remotes/main [2ms]
2023-02-14 21:59:51.172 [info] > git status -z -uall [8ms]
2023-02-14 21:59:51.174 [info] > git for-each-ref --sort -committerdate --format %(refname) %(objectname) %(*objectname) [3ms]
2023-02-14 22:00:26.452 [info] > git rev-parse --show-toplevel [2ms]
2023-02-14 22:00:26.452 [info] fatal: not a git repository (or any of the parent directories): .git
2023-02-14 22:03:59.752 [info] > git rev-parse --show-toplevel [2ms]
2023-02-14 22:03:59.752 [info] fatal: not a git repository (or any of the parent directories): .git
2023-02-14 22:04:51.190 [info] > git config --local branch.main.github-pr-owner-number [1ms]
2023-02-14 22:04:51.205 [info] > git config --get commit.template [9ms]
2023-02-14 22:04:51.206 [info] > git for-each-ref --format=%(refname)%00%(upstream:short)%00%(objectname)%00%(upstream:track)%00%(upstream:remotename)%00%(upstream:remoteref) refs/heads/main refs/remotes/main [2ms]
2023-02-14 22:04:51.224 [info] > git status -z -uall [9ms]
2023-02-14 22:04:51.226 [info] > git for-each-ref --sort -committerdate --format %(refname) %(objectname) %(*objectname) [4ms]
2023-02-14 22:06:49.048 [info] > git rev-parse --show-toplevel [2ms]
2023-02-14 22:06:49.048 [info] fatal: not a git repository (or any of the parent directories): .git
2023-02-14 22:09:51.244 [info] > git config --local branch.main.github-pr-owner-number [2ms]
2023-02-14 22:09:51.260 [info] > git config --get commit.template [8ms]
2023-02-14 22:09:51.260 [info] > git for-each-ref --format=%(refname)%00%(upstream:short)%00%(objectname)%00%(upstream:track)%00%(upstream:remotename)%00%(upstream:remoteref) refs/heads/main refs/remotes/main [2ms]
2023-02-14 22:09:51.278 [info] > git status -z -uall [9ms]
2023-02-14 22:09:51.280 [info] > git for-each-ref --sort -committerdate --format %(refname) %(objectname) %(*objectname) [3ms]
