2023-02-14 22:11:36.234 [info] Log level: Info
2023-02-14 22:11:36.235 [info] Validating found git in: "git"
2023-02-14 22:11:36.235 [info] Using git "2.39.2" from "git"
2023-02-14 22:11:36.235 [info] > git rev-parse --show-toplevel [3ms]
2023-02-14 22:11:36.235 [info] > git rev-parse --git-dir --git-common-dir [1ms]
2023-02-14 22:11:36.235 [info] Open repository: /home/meow/CONFiiG
2023-02-14 22:11:36.235 [info] > git config --get commit.template [7ms]
2023-02-14 22:11:36.235 [info] > git rev-parse --show-toplevel [13ms]
2023-02-14 22:11:36.235 [info] fatal: not a git repository (or any of the parent directories): .git
2023-02-14 22:11:36.235 [info] > git rev-parse --show-toplevel [18ms]
2023-02-14 22:11:36.235 [info] > git rev-parse --show-toplevel [15ms]
2023-02-14 22:11:36.235 [info] > git rev-parse --show-toplevel [9ms]
2023-02-14 22:11:36.235 [info] > git for-each-ref --format=%(refname)%00%(upstream:short)%00%(objectname)%00%(upstream:track)%00%(upstream:remotename)%00%(upstream:remoteref) refs/heads/main refs/remotes/main [18ms]
2023-02-14 22:11:36.235 [info] > git status -z -uall [5ms]
2023-02-14 22:11:36.235 [info] > git for-each-ref --sort -committerdate --format %(refname) %(objectname) %(*objectname) [2ms]
2023-02-14 22:11:36.235 [info] > git rev-parse --show-toplevel [13ms]
2023-02-14 22:11:36.278 [info] > git config --local branch.main.github-pr-owner-number [2ms]
2023-02-14 22:11:36.303 [info] > git config --get commit.template [18ms]
2023-02-14 22:11:36.315 [info] > git for-each-ref --format=%(refname)%00%(upstream:short)%00%(objectname)%00%(upstream:track)%00%(upstream:remotename)%00%(upstream:remoteref) refs/heads/main refs/remotes/main [3ms]
2023-02-14 22:11:36.327 [info] > git status -z -uall [7ms]
2023-02-14 22:11:36.327 [info] > git for-each-ref --sort -committerdate --format %(refname) %(objectname) %(*objectname) [1ms]
2023-02-14 22:11:36.675 [info] > git check-ignore -v -z --stdin [1ms]
2023-02-14 22:11:38.322 [info] > git config --get commit.template [10ms]
2023-02-14 22:11:38.332 [info] > git for-each-ref --format=%(refname)%00%(upstream:short)%00%(objectname)%00%(upstream:track)%00%(upstream:remotename)%00%(upstream:remoteref) refs/heads/main refs/remotes/main [2ms]
2023-02-14 22:11:38.345 [info] > git status -z -uall [8ms]
2023-02-14 22:11:38.346 [info] > git for-each-ref --sort -committerdate --format %(refname) %(objectname) %(*objectname) [3ms]
2023-02-14 22:11:43.364 [info] > git config --get commit.template [2ms]
2023-02-14 22:11:43.372 [info] > git for-each-ref --format=%(refname)%00%(upstream:short)%00%(objectname)%00%(upstream:track)%00%(upstream:remotename)%00%(upstream:remoteref) refs/heads/main refs/remotes/main [0ms]
2023-02-14 22:11:43.387 [info] > git status -z -uall [9ms]
2023-02-14 22:11:43.389 [info] > git for-each-ref --sort -committerdate --format %(refname) %(objectname) %(*objectname) [3ms]
2023-02-14 22:11:48.409 [info] > git config --get commit.template [2ms]
2023-02-14 22:11:48.419 [info] > git for-each-ref --format=%(refname)%00%(upstream:short)%00%(objectname)%00%(upstream:track)%00%(upstream:remotename)%00%(upstream:remoteref) refs/heads/main refs/remotes/main [3ms]
2023-02-14 22:11:48.434 [info] > git status -z -uall [8ms]
2023-02-14 22:11:48.435 [info] > git for-each-ref --sort -committerdate --format %(refname) %(objectname) %(*objectname) [1ms]
2023-02-14 22:16:36.266 [info] > git config --local branch.main.github-pr-owner-number [2ms]
2023-02-14 22:16:36.284 [info] > git config --get commit.template [8ms]
2023-02-14 22:16:36.285 [info] > git for-each-ref --format=%(refname)%00%(upstream:short)%00%(objectname)%00%(upstream:track)%00%(upstream:remotename)%00%(upstream:remoteref) refs/heads/main refs/remotes/main [3ms]
2023-02-14 22:16:36.303 [info] > git status -z -uall [10ms]
2023-02-14 22:16:36.306 [info] > git for-each-ref --sort -committerdate --format %(refname) %(objectname) %(*objectname) [4ms]
2023-02-14 22:21:36.330 [info] > git config --local branch.main.github-pr-owner-number [2ms]
2023-02-14 22:21:36.347 [info] > git config --get commit.template [8ms]
2023-02-14 22:21:36.348 [info] > git for-each-ref --format=%(refname)%00%(upstream:short)%00%(objectname)%00%(upstream:track)%00%(upstream:remotename)%00%(upstream:remoteref) refs/heads/main refs/remotes/main [1ms]
2023-02-14 22:21:36.364 [info] > git status -z -uall [9ms]
2023-02-14 22:21:36.366 [info] > git for-each-ref --sort -committerdate --format %(refname) %(objectname) %(*objectname) [3ms]
2023-02-14 22:26:36.383 [info] > git config --local branch.main.github-pr-owner-number [2ms]
2023-02-14 22:26:36.401 [info] > git config --get commit.template [11ms]
2023-02-14 22:26:36.402 [info] > git for-each-ref --format=%(refname)%00%(upstream:short)%00%(objectname)%00%(upstream:track)%00%(upstream:remotename)%00%(upstream:remoteref) refs/heads/main refs/remotes/main [2ms]
2023-02-14 22:26:36.418 [info] > git status -z -uall [8ms]
2023-02-14 22:26:36.420 [info] > git for-each-ref --sort -committerdate --format %(refname) %(objectname) %(*objectname) [3ms]
2023-02-14 22:31:36.436 [info] > git config --local branch.main.github-pr-owner-number [2ms]
2023-02-14 22:31:36.453 [info] > git config --get commit.template [8ms]
2023-02-14 22:31:36.453 [info] > git for-each-ref --format=%(refname)%00%(upstream:short)%00%(objectname)%00%(upstream:track)%00%(upstream:remotename)%00%(upstream:remoteref) refs/heads/main refs/remotes/main [2ms]
2023-02-14 22:31:36.470 [info] > git status -z -uall [10ms]
2023-02-14 22:31:36.471 [info] > git for-each-ref --sort -committerdate --format %(refname) %(objectname) %(*objectname) [3ms]
2023-02-14 22:36:36.489 [info] > git config --local branch.main.github-pr-owner-number [2ms]
2023-02-14 22:36:36.506 [info] > git config --get commit.template [8ms]
2023-02-14 22:36:36.507 [info] > git for-each-ref --format=%(refname)%00%(upstream:short)%00%(objectname)%00%(upstream:track)%00%(upstream:remotename)%00%(upstream:remoteref) refs/heads/main refs/remotes/main [2ms]
2023-02-14 22:36:36.524 [info] > git status -z -uall [10ms]
2023-02-14 22:36:36.525 [info] > git for-each-ref --sort -committerdate --format %(refname) %(objectname) %(*objectname) [3ms]
2023-02-14 22:41:36.545 [info] > git config --local branch.main.github-pr-owner-number [1ms]
2023-02-14 22:41:36.561 [info] > git config --get commit.template [8ms]
2023-02-14 22:41:36.562 [info] > git for-each-ref --format=%(refname)%00%(upstream:short)%00%(objectname)%00%(upstream:track)%00%(upstream:remotename)%00%(upstream:remoteref) refs/heads/main refs/remotes/main [2ms]
2023-02-14 22:41:36.579 [info] > git status -z -uall [10ms]
2023-02-14 22:41:36.580 [info] > git for-each-ref --sort -committerdate --format %(refname) %(objectname) %(*objectname) [2ms]
2023-02-14 22:46:36.594 [info] > git config --local branch.main.github-pr-owner-number [1ms]
2023-02-14 22:46:36.604 [info] > git config --get commit.template [4ms]
2023-02-14 22:46:36.605 [info] > git for-each-ref --format=%(refname)%00%(upstream:short)%00%(objectname)%00%(upstream:track)%00%(upstream:remotename)%00%(upstream:remoteref) refs/heads/main refs/remotes/main [2ms]
2023-02-14 22:46:36.616 [info] > git status -z -uall [6ms]
2023-02-14 22:46:36.618 [info] > git for-each-ref --sort -committerdate --format %(refname) %(objectname) %(*objectname) [3ms]
2023-02-14 22:51:36.632 [info] > git config --local branch.main.github-pr-owner-number [1ms]
2023-02-14 22:51:36.648 [info] > git config --get commit.template [8ms]
2023-02-14 22:51:36.648 [info] > git for-each-ref --format=%(refname)%00%(upstream:short)%00%(objectname)%00%(upstream:track)%00%(upstream:remotename)%00%(upstream:remoteref) refs/heads/main refs/remotes/main [1ms]
2023-02-14 22:51:36.662 [info] > git status -z -uall [9ms]
2023-02-14 22:51:36.663 [info] > git for-each-ref --sort -committerdate --format %(refname) %(objectname) %(*objectname) [1ms]
2023-02-14 22:56:36.678 [info] > git config --local branch.main.github-pr-owner-number [2ms]
2023-02-14 22:56:36.695 [info] > git config --get commit.template [8ms]
2023-02-14 22:56:36.696 [info] > git for-each-ref --format=%(refname)%00%(upstream:short)%00%(objectname)%00%(upstream:track)%00%(upstream:remotename)%00%(upstream:remoteref) refs/heads/main refs/remotes/main [2ms]
2023-02-14 22:56:36.713 [info] > git status -z -uall [10ms]
2023-02-14 22:56:36.715 [info] > git for-each-ref --sort -committerdate --format %(refname) %(objectname) %(*objectname) [3ms]
2023-02-14 23:01:36.732 [info] > git config --local branch.main.github-pr-owner-number [1ms]
2023-02-14 23:01:36.746 [info] > git config --get commit.template [7ms]
2023-02-14 23:01:36.746 [info] > git for-each-ref --format=%(refname)%00%(upstream:short)%00%(objectname)%00%(upstream:track)%00%(upstream:remotename)%00%(upstream:remoteref) refs/heads/main refs/remotes/main [1ms]
2023-02-14 23:01:36.760 [info] > git status -z -uall [9ms]
2023-02-14 23:01:36.762 [info] > git for-each-ref --sort -committerdate --format %(refname) %(objectname) %(*objectname) [3ms]
2023-02-14 23:06:36.780 [info] > git config --local branch.main.github-pr-owner-number [2ms]
2023-02-14 23:06:36.797 [info] > git config --get commit.template [9ms]
2023-02-14 23:06:36.798 [info] > git for-each-ref --format=%(refname)%00%(upstream:short)%00%(objectname)%00%(upstream:track)%00%(upstream:remotename)%00%(upstream:remoteref) refs/heads/main refs/remotes/main [2ms]
2023-02-14 23:06:36.815 [info] > git status -z -uall [10ms]
2023-02-14 23:06:36.817 [info] > git for-each-ref --sort -committerdate --format %(refname) %(objectname) %(*objectname) [3ms]
