2023-02-15 21:45:16.382 [info] Log level: Info
2023-02-15 21:45:16.382 [info] Validating found git in: "git"
2023-02-15 21:45:16.382 [info] Using git "2.39.2" from "git"
2023-02-15 21:45:16.382 [info] > git rev-parse --show-toplevel [5ms]
2023-02-15 21:45:16.382 [info] > git rev-parse --git-dir --git-common-dir [2ms]
2023-02-15 21:45:16.382 [info] Open repository: /home/meow/CONFiiG
2023-02-15 21:45:16.382 [info] > git config --get commit.template [8ms]
2023-02-15 21:45:16.382 [info] > git rev-parse --show-toplevel [14ms]
2023-02-15 21:45:16.382 [info] > git rev-parse --show-toplevel [6ms]
2023-02-15 21:45:16.382 [info] fatal: not a git repository (or any of the parent directories): .git
2023-02-15 21:45:16.382 [info] > git rev-parse --show-toplevel [1ms]
2023-02-15 21:45:16.382 [info] > git for-each-ref --format=%(refname)%00%(upstream:short)%00%(objectname)%00%(upstream:track)%00%(upstream:remotename)%00%(upstream:remoteref) refs/heads/main refs/remotes/main [13ms]
2023-02-15 21:45:16.382 [info] > git status -z -uall [12ms]
2023-02-15 21:45:16.382 [info] > git for-each-ref --sort -committerdate --format %(refname) %(objectname) %(*objectname) [4ms]
2023-02-15 21:45:16.382 [info] > git rev-parse --show-toplevel [24ms]
2023-02-15 21:45:16.382 [info] > git rev-parse --show-toplevel [15ms]
2023-02-15 21:45:16.382 [info] > git rev-parse --show-toplevel [10ms]
2023-02-15 21:45:16.382 [info] > git config --get commit.template [15ms]
2023-02-15 21:45:16.382 [info] > git for-each-ref --format=%(refname)%00%(upstream:short)%00%(objectname)%00%(upstream:track)%00%(upstream:remotename)%00%(upstream:remoteref) refs/heads/main refs/remotes/main [1ms]
2023-02-15 21:45:16.382 [info] > git status -z -uall [4ms]
2023-02-15 21:45:16.382 [info] > git for-each-ref --sort -committerdate --format %(refname) %(objectname) %(*objectname) [2ms]
2023-02-15 21:45:16.499 [info] > git config --local branch.main.github-pr-owner-number [1ms]
2023-02-15 21:45:16.507 [info] > git config --get commit.template [4ms]
2023-02-15 21:45:16.507 [info] > git for-each-ref --format=%(refname)%00%(upstream:short)%00%(objectname)%00%(upstream:track)%00%(upstream:remotename)%00%(upstream:remoteref) refs/heads/main refs/remotes/main [1ms]
2023-02-15 21:45:16.514 [info] > git status -z -uall [4ms]
2023-02-15 21:45:16.515 [info] > git for-each-ref --sort -committerdate --format %(refname) %(objectname) %(*objectname) [2ms]
2023-02-15 21:45:16.720 [info] > git check-ignore -v -z --stdin [1ms]
2023-02-15 21:45:17.098 [info] > git show --textconv :manjaro_i3/i3/config [13ms]
2023-02-15 21:45:17.098 [info] > git ls-files --stage -- /home/meow/CONFiiG/manjaro_i3/i3/config [10ms]
2023-02-15 21:45:17.102 [info] > git cat-file -s 70f388ecd2979a4ce4d2b0d84a8fd42f44434408 [0ms]
2023-02-15 21:45:22.821 [info] > git config --get commit.template [2ms]
2023-02-15 21:45:22.827 [info] > git for-each-ref --format=%(refname)%00%(upstream:short)%00%(objectname)%00%(upstream:track)%00%(upstream:remotename)%00%(upstream:remoteref) refs/heads/main refs/remotes/main [1ms]
2023-02-15 21:45:22.840 [info] > git status -z -uall [8ms]
2023-02-15 21:45:22.842 [info] > git for-each-ref --sort -committerdate --format %(refname) %(objectname) %(*objectname) [3ms]
2023-02-15 21:45:22.924 [info] > git ls-files --stage -- /home/meow/CONFiiG/manjaro_i3/i3/config [2ms]
2023-02-15 21:45:22.932 [info] > git cat-file -s 70f388ecd2979a4ce4d2b0d84a8fd42f44434408 [2ms]
2023-02-15 21:45:22.946 [info] > git show --textconv :manjaro_i3/i3/config [4ms]
2023-02-15 21:50:16.430 [info] > git config --local branch.main.github-pr-owner-number [1ms]
2023-02-15 21:50:16.443 [info] > git config --get commit.template [6ms]
2023-02-15 21:50:16.444 [info] > git for-each-ref --format=%(refname)%00%(upstream:short)%00%(objectname)%00%(upstream:track)%00%(upstream:remotename)%00%(upstream:remoteref) refs/heads/main refs/remotes/main [1ms]
2023-02-15 21:50:16.450 [info] > git status -z -uall [4ms]
2023-02-15 21:50:16.450 [info] > git for-each-ref --sort -committerdate --format %(refname) %(objectname) %(*objectname) [1ms]
2023-02-15 21:55:16.463 [info] > git config --local branch.main.github-pr-owner-number [1ms]
2023-02-15 21:55:16.476 [info] > git config --get commit.template [6ms]
2023-02-15 21:55:16.476 [info] > git for-each-ref --format=%(refname)%00%(upstream:short)%00%(objectname)%00%(upstream:track)%00%(upstream:remotename)%00%(upstream:remoteref) refs/heads/main refs/remotes/main [1ms]
2023-02-15 21:55:16.489 [info] > git status -z -uall [8ms]
2023-02-15 21:55:16.491 [info] > git for-each-ref --sort -committerdate --format %(refname) %(objectname) %(*objectname) [3ms]
2023-02-15 22:00:16.502 [info] > git config --local branch.main.github-pr-owner-number [1ms]
2023-02-15 22:00:16.516 [info] > git config --get commit.template [7ms]
2023-02-15 22:00:16.517 [info] > git for-each-ref --format=%(refname)%00%(upstream:short)%00%(objectname)%00%(upstream:track)%00%(upstream:remotename)%00%(upstream:remoteref) refs/heads/main refs/remotes/main [2ms]
2023-02-15 22:00:16.528 [info] > git status -z -uall [7ms]
2023-02-15 22:00:16.530 [info] > git for-each-ref --sort -committerdate --format %(refname) %(objectname) %(*objectname) [3ms]
2023-02-15 22:05:16.546 [info] > git config --local branch.main.github-pr-owner-number [2ms]
2023-02-15 22:05:16.560 [info] > git config --get commit.template [7ms]
2023-02-15 22:05:16.561 [info] > git for-each-ref --format=%(refname)%00%(upstream:short)%00%(objectname)%00%(upstream:track)%00%(upstream:remotename)%00%(upstream:remoteref) refs/heads/main refs/remotes/main [2ms]
2023-02-15 22:05:16.575 [info] > git status -z -uall [8ms]
2023-02-15 22:05:16.576 [info] > git for-each-ref --sort -committerdate --format %(refname) %(objectname) %(*objectname) [3ms]
2023-02-15 22:10:16.587 [info] > git config --local branch.main.github-pr-owner-number [1ms]
2023-02-15 22:10:16.595 [info] > git config --get commit.template [3ms]
2023-02-15 22:10:16.597 [info] > git for-each-ref --format=%(refname)%00%(upstream:short)%00%(objectname)%00%(upstream:track)%00%(upstream:remotename)%00%(upstream:remoteref) refs/heads/main refs/remotes/main [2ms]
2023-02-15 22:10:16.610 [info] > git status -z -uall [8ms]
2023-02-15 22:10:16.612 [info] > git for-each-ref --sort -committerdate --format %(refname) %(objectname) %(*objectname) [2ms]
2023-02-15 22:15:16.623 [info] > git config --local branch.main.github-pr-owner-number [1ms]
2023-02-15 22:15:16.633 [info] > git config --get commit.template [5ms]
2023-02-15 22:15:16.633 [info] > git for-each-ref --format=%(refname)%00%(upstream:short)%00%(objectname)%00%(upstream:track)%00%(upstream:remotename)%00%(upstream:remoteref) refs/heads/main refs/remotes/main [3ms]
2023-02-15 22:15:16.649 [info] > git status -z -uall [9ms]
2023-02-15 22:15:16.650 [info] > git for-each-ref --sort -committerdate --format %(refname) %(objectname) %(*objectname) [4ms]
2023-02-15 22:20:16.665 [info] > git config --local branch.main.github-pr-owner-number [2ms]
2023-02-15 22:20:16.681 [info] > git config --get commit.template [7ms]
2023-02-15 22:20:16.681 [info] > git for-each-ref --format=%(refname)%00%(upstream:short)%00%(objectname)%00%(upstream:track)%00%(upstream:remotename)%00%(upstream:remoteref) refs/heads/main refs/remotes/main [1ms]
2023-02-15 22:20:16.699 [info] > git status -z -uall [9ms]
2023-02-15 22:20:16.701 [info] > git for-each-ref --sort -committerdate --format %(refname) %(objectname) %(*objectname) [3ms]
2023-02-15 22:25:16.714 [info] > git config --local branch.main.github-pr-owner-number [1ms]
2023-02-15 22:25:16.725 [info] > git config --get commit.template [5ms]
2023-02-15 22:25:16.725 [info] > git for-each-ref --format=%(refname)%00%(upstream:short)%00%(objectname)%00%(upstream:track)%00%(upstream:remotename)%00%(upstream:remoteref) refs/heads/main refs/remotes/main [1ms]
2023-02-15 22:25:16.740 [info] > git status -z -uall [8ms]
2023-02-15 22:25:16.741 [info] > git for-each-ref --sort -committerdate --format %(refname) %(objectname) %(*objectname) [1ms]
2023-02-15 22:30:16.754 [info] > git config --local branch.main.github-pr-owner-number [2ms]
2023-02-15 22:30:16.768 [info] > git config --get commit.template [7ms]
2023-02-15 22:30:16.768 [info] > git for-each-ref --format=%(refname)%00%(upstream:short)%00%(objectname)%00%(upstream:track)%00%(upstream:remotename)%00%(upstream:remoteref) refs/heads/main refs/remotes/main [2ms]
2023-02-15 22:30:16.782 [info] > git status -z -uall [7ms]
2023-02-15 22:30:16.783 [info] > git for-each-ref --sort -committerdate --format %(refname) %(objectname) %(*objectname) [2ms]
2023-02-15 22:35:16.799 [info] > git config --local branch.main.github-pr-owner-number [2ms]
2023-02-15 22:35:16.813 [info] > git config --get commit.template [7ms]
2023-02-15 22:35:16.815 [info] > git for-each-ref --format=%(refname)%00%(upstream:short)%00%(objectname)%00%(upstream:track)%00%(upstream:remotename)%00%(upstream:remoteref) refs/heads/main refs/remotes/main [3ms]
2023-02-15 22:35:16.828 [info] > git status -z -uall [8ms]
2023-02-15 22:35:16.830 [info] > git for-each-ref --sort -committerdate --format %(refname) %(objectname) %(*objectname) [3ms]
2023-02-15 22:40:16.844 [info] > git config --local branch.main.github-pr-owner-number [2ms]
2023-02-15 22:40:16.855 [info] > git config --get commit.template [4ms]
2023-02-15 22:40:16.855 [info] > git for-each-ref --format=%(refname)%00%(upstream:short)%00%(objectname)%00%(upstream:track)%00%(upstream:remotename)%00%(upstream:remoteref) refs/heads/main refs/remotes/main [2ms]
2023-02-15 22:40:16.864 [info] > git status -z -uall [3ms]
2023-02-15 22:40:16.866 [info] > git for-each-ref --sort -committerdate --format %(refname) %(objectname) %(*objectname) [2ms]
2023-02-15 22:45:16.878 [info] > git config --local branch.main.github-pr-owner-number [1ms]
2023-02-15 22:45:16.892 [info] > git config --get commit.template [8ms]
2023-02-15 22:45:16.893 [info] > git for-each-ref --format=%(refname)%00%(upstream:short)%00%(objectname)%00%(upstream:track)%00%(upstream:remotename)%00%(upstream:remoteref) refs/heads/main refs/remotes/main [2ms]
2023-02-15 22:45:16.908 [info] > git status -z -uall [9ms]
2023-02-15 22:45:16.909 [info] > git for-each-ref --sort -committerdate --format %(refname) %(objectname) %(*objectname) [2ms]
2023-02-15 22:45:22.419 [info] > git check-ignore -v -z --stdin [2ms]
