2023-02-15 19:33:15.436 [info] Extension host with pid 1577 started
2023-02-15 19:33:15.436 [info] Skipping acquiring lock for /home/meow/.config/Code/User/workspaceStorage/9b48c92a07da305ce3157d113d930a3d.
2023-02-15 19:33:15.467 [info] ExtensionService#_doActivateExtension vscode.emmet, startup: false, activationEvent: 'onLanguage'
2023-02-15 19:33:15.471 [info] ExtensionService#_doActivateExtension vscode.git-base, startup: true, activationEvent: '*', root cause: vscode.git
2023-02-15 19:33:15.472 [info] ExtensionService#_doActivateExtension miqh.core-theme, startup: true, activationEvent: '*'
2023-02-15 19:33:15.475 [info] ExtensionService#_doActivateExtension nowsci.glassit-linux, startup: true, activationEvent: '*'
2023-02-15 19:33:15.476 [info] ExtensionService#_doActivateExtension s-nlf-fh.glassit, startup: true, activationEvent: '*'
2023-02-15 19:33:15.495 [info] ExtensionService#_doActivateExtension vscodevim.vim, startup: true, activationEvent: '*'
2023-02-15 19:33:15.554 [error] Activating extension s-nlf-fh.glassit failed due to an error:
2023-02-15 19:33:15.554 [error] Error: Command failed: pgrep visual-st
	at checkExecSyncError (node:child_process:848:11)
	at Object.execSync (node:child_process:922:15)
	at Object.execSync (node:electron/js2c/asar_bundle:5:12704)
	at activate (/home/meow/.vscode/extensions/s-nlf-fh.glassit-0.2.5/extension.js:55:35)
	at Ui.db (/opt/visual-studio-code/resources/app/out/vs/workbench/api/node/extensionHostProcess.js:108:14818)
	at Ui.cb (/opt/visual-studio-code/resources/app/out/vs/workbench/api/node/extensionHostProcess.js:108:14519)
	at /opt/visual-studio-code/resources/app/out/vs/workbench/api/node/extensionHostProcess.js:108:12519
	at async f.n (/opt/visual-studio-code/resources/app/out/vs/workbench/api/node/extensionHostProcess.js:94:6818)
	at async f.m (/opt/visual-studio-code/resources/app/out/vs/workbench/api/node/extensionHostProcess.js:94:6781)
	at async f.l (/opt/visual-studio-code/resources/app/out/vs/workbench/api/node/extensionHostProcess.js:94:6238)
2023-02-15 19:33:15.569 [info] ExtensionService#_doActivateExtension vscode.git, startup: true, activationEvent: '*'
2023-02-15 19:33:15.588 [info] ExtensionService#_doActivateExtension vscode.github, startup: true, activationEvent: '*'
2023-02-15 19:33:15.632 [info] Eager extensions activated
2023-02-15 19:33:15.633 [info] ExtensionService#_doActivateExtension vscode.github-authentication, startup: false, activationEvent: 'onAuthenticationRequest:github'
2023-02-15 19:33:15.651 [info] ExtensionService#_doActivateExtension vscode.debug-auto-launch, startup: false, activationEvent: 'onStartupFinished'
2023-02-15 19:33:15.652 [info] ExtensionService#_doActivateExtension vscode.merge-conflict, startup: false, activationEvent: 'onStartupFinished'
2023-02-15 19:33:15.698 [info] ExtensionService#_doActivateExtension GitHub.vscode-pull-request-github, startup: false, activationEvent: 'onStartupFinished'
2023-02-15 19:33:15.726 [info] ExtensionService#_doActivateExtension vscode.microsoft-authentication, startup: false, activationEvent: 'onAuthenticationRequest:microsoft'
2023-02-15 19:33:23.931 [info] Extension host terminating: renderer closed the MessagePort
2023-02-15 19:33:23.942 [info] Extension host with pid 1577 exiting with code 0
