2023-02-15 21:45:15.772 [info] Extension host with pid 2363 started
2023-02-15 21:45:15.773 [info] Skipping acquiring lock for /home/meow/.config/Code/User/workspaceStorage/bc04e36dc7c404cbf847bf3460a0aaa7.
2023-02-15 21:45:15.841 [info] ExtensionService#_doActivateExtension vscode.emmet, startup: false, activationEvent: 'onLanguage'
2023-02-15 21:45:15.848 [info] ExtensionService#_doActivateExtension vscode.git-base, startup: true, activationEvent: '*', root cause: vscode.git
2023-02-15 21:45:15.850 [info] ExtensionService#_doActivateExtension miqh.core-theme, startup: true, activationEvent: '*'
2023-02-15 21:45:15.853 [info] ExtensionService#_doActivateExtension nowsci.glassit-linux, startup: true, activationEvent: '*'
2023-02-15 21:45:15.855 [info] ExtensionService#_doActivateExtension s-nlf-fh.glassit, startup: true, activationEvent: '*'
2023-02-15 21:45:15.878 [info] ExtensionService#_doActivateExtension vscodevim.vim, startup: true, activationEvent: '*'
2023-02-15 21:45:15.971 [error] Activating extension s-nlf-fh.glassit failed due to an error:
2023-02-15 21:45:15.971 [error] Error: Command failed: pgrep visual-st
	at checkExecSyncError (node:child_process:848:11)
	at Object.execSync (node:child_process:922:15)
	at Object.execSync (node:electron/js2c/asar_bundle:5:12704)
	at activate (/home/meow/.vscode/extensions/s-nlf-fh.glassit-0.2.5/extension.js:55:35)
	at Ui.db (/opt/visual-studio-code/resources/app/out/vs/workbench/api/node/extensionHostProcess.js:108:14818)
	at Ui.cb (/opt/visual-studio-code/resources/app/out/vs/workbench/api/node/extensionHostProcess.js:108:14519)
	at /opt/visual-studio-code/resources/app/out/vs/workbench/api/node/extensionHostProcess.js:108:12519
	at async f.n (/opt/visual-studio-code/resources/app/out/vs/workbench/api/node/extensionHostProcess.js:94:6818)
	at async f.m (/opt/visual-studio-code/resources/app/out/vs/workbench/api/node/extensionHostProcess.js:94:6781)
	at async f.l (/opt/visual-studio-code/resources/app/out/vs/workbench/api/node/extensionHostProcess.js:94:6238)
2023-02-15 21:45:15.990 [info] ExtensionService#_doActivateExtension vscode.git, startup: true, activationEvent: '*'
2023-02-15 21:45:16.023 [info] ExtensionService#_doActivateExtension vscode.github, startup: true, activationEvent: '*'
2023-02-15 21:45:16.197 [info] Eager extensions activated
2023-02-15 21:45:16.255 [info] ExtensionService#_doActivateExtension vscode.debug-auto-launch, startup: false, activationEvent: 'onStartupFinished'
2023-02-15 21:45:16.258 [info] ExtensionService#_doActivateExtension vscode.merge-conflict, startup: false, activationEvent: 'onStartupFinished'
2023-02-15 21:45:16.274 [info] ExtensionService#_doActivateExtension vscode.github-authentication, startup: false, activationEvent: 'onStartupFinished', root cause: GitHub.vscode-pull-request-github
2023-02-15 21:45:16.327 [info] ExtensionService#_doActivateExtension GitHub.vscode-pull-request-github, startup: false, activationEvent: 'onStartupFinished'
2023-02-15 21:45:16.922 [info] ExtensionService#_doActivateExtension vscode.microsoft-authentication, startup: false, activationEvent: 'onAuthenticationRequest:microsoft'
